WARN | 6:31:05 PM | vscode-loader: Could not find package.json(c) in path  (expanded to nil).
WARN | 6:31:05 PM | vscode-loader: Could not resolve all manifests for paths `{ "" }`: only found `{}`
WARN | 6:31:05 PM | snipmate-loader: Could not resolve all collection-roots for paths `{ "" }`: only found `{}`
WARN | 6:31:05 PM | lua-loader: Could not resolve all collection-roots for paths `{ "" }`: only found `{}`
WARN | 6:39:24 PM | vscode-loader: Could not find package.json(c) in path  (expanded to nil).
WARN | 6:39:24 PM | vscode-loader: Could not resolve all manifests for paths `{ "" }`: only found `{}`
WARN | 6:39:24 PM | snipmate-loader: Could not resolve all collection-roots for paths `{ "" }`: only found `{}`
WARN | 6:39:24 PM | lua-loader: Could not resolve all collection-roots for paths `{ "" }`: only found `{}`
WARN | 6:41:00 PM | vscode-loader: Could not find package.json(c) in path  (expanded to nil).
WARN | 6:41:00 PM | vscode-loader: Could not resolve all manifests for paths `{ "" }`: only found `{}`
WARN | 6:41:00 PM | snipmate-loader: Could not resolve all collection-roots for paths `{ "" }`: only found `{}`
WARN | 6:41:00 PM | lua-loader: Could not resolve all collection-roots for paths `{ "" }`: only found `{}`
WARN | 6:44:02 PM | vscode-loader: Could not find package.json(c) in path  (expanded to nil).
WARN | 6:44:02 PM | vscode-loader: Could not resolve all manifests for paths `{ "" }`: only found `{}`
WARN | 6:44:02 PM | snipmate-loader: Could not resolve all collection-roots for paths `{ "" }`: only found `{}`
WARN | 6:44:02 PM | lua-loader: Could not resolve all collection-roots for paths `{ "" }`: only found `{}`
WARN | 6:49:34 PM | vscode-loader: Could not find package.json(c) in path  (expanded to nil).
WARN | 6:49:34 PM | vscode-loader: Could not resolve all manifests for paths `{ "" }`: only found `{}`
WARN | 6:49:34 PM | snipmate-loader: Could not resolve all collection-roots for paths `{ "" }`: only found `{}`
WARN | 6:49:34 PM | lua-loader: Could not resolve all collection-roots for paths `{ "" }`: only found `{}`
WARN | 6:53:16 PM | vscode-loader: Could not find package.json(c) in path  (expanded to nil).
WARN | 6:53:16 PM | vscode-loader: Could not resolve all manifests for paths `{ "" }`: only found `{}`
WARN | 6:53:16 PM | snipmate-loader: Could not resolve all collection-roots for paths `{ "" }`: only found `{}`
WARN | 6:53:16 PM | lua-loader: Could not resolve all collection-roots for paths `{ "" }`: only found `{}`
WARN | 6:53:53 PM | vscode-loader: Could not find package.json(c) in path  (expanded to nil).
WARN | 6:53:53 PM | vscode-loader: Could not resolve all manifests for paths `{ "" }`: only found `{}`
WARN | 6:53:53 PM | snipmate-loader: Could not resolve all collection-roots for paths `{ "" }`: only found `{}`
WARN | 6:53:53 PM | lua-loader: Could not resolve all collection-roots for paths `{ "" }`: only found `{}`
WARN | 6:55:15 PM | vscode-loader: Could not find package.json(c) in path  (expanded to nil).
WARN | 6:55:15 PM | vscode-loader: Could not resolve all manifests for paths `{ "" }`: only found `{}`
WARN | 6:55:15 PM | snipmate-loader: Could not resolve all collection-roots for paths `{ "" }`: only found `{}`
WARN | 6:55:15 PM | lua-loader: Could not resolve all collection-roots for paths `{ "" }`: only found `{}`
WARN | 6:55:36 PM | vscode-loader: Could not find package.json(c) in path  (expanded to nil).
WARN | 6:55:36 PM | vscode-loader: Could not resolve all manifests for paths `{ "" }`: only found `{}`
WARN | 6:55:36 PM | snipmate-loader: Could not resolve all collection-roots for paths `{ "" }`: only found `{}`
WARN | 6:55:36 PM | lua-loader: Could not resolve all collection-roots for paths `{ "" }`: only found `{}`
WARN | 6:56:12 PM | vscode-loader: Could not find package.json(c) in path  (expanded to nil).
WARN | 6:56:12 PM | vscode-loader: Could not resolve all manifests for paths `{ "" }`: only found `{}`
WARN | 6:56:12 PM | snipmate-loader: Could not resolve all collection-roots for paths `{ "" }`: only found `{}`
WARN | 6:56:12 PM | lua-loader: Could not resolve all collection-roots for paths `{ "" }`: only found `{}`
WARN | 6:56:44 PM | vscode-loader: Could not find package.json(c) in path  (expanded to nil).
WARN | 6:56:44 PM | vscode-loader: Could not resolve all manifests for paths `{ "" }`: only found `{}`
WARN | 6:56:44 PM | snipmate-loader: Could not resolve all collection-roots for paths `{ "" }`: only found `{}`
WARN | 6:56:44 PM | lua-loader: Could not resolve all collection-roots for paths `{ "" }`: only found `{}`
WARN | 6:57:07 PM | vscode-loader: Could not find package.json(c) in path  (expanded to nil).
WARN | 6:57:07 PM | vscode-loader: Could not resolve all manifests for paths `{ "" }`: only found `{}`
WARN | 6:57:07 PM | snipmate-loader: Could not resolve all collection-roots for paths `{ "" }`: only found `{}`
WARN | 6:57:07 PM | lua-loader: Could not resolve all collection-roots for paths `{ "" }`: only found `{}`
WARN | 7:00:50 PM | vscode-loader: Could not find package.json(c) in path  (expanded to nil).
WARN | 7:00:50 PM | vscode-loader: Could not resolve all manifests for paths `{ "" }`: only found `{}`
WARN | 7:00:50 PM | snipmate-loader: Could not resolve all collection-roots for paths `{ "" }`: only found `{}`
WARN | 7:00:50 PM | lua-loader: Could not resolve all collection-roots for paths `{ "" }`: only found `{}`
WARN | 7:01:39 PM | vscode-loader: Could not find package.json(c) in path  (expanded to nil).
WARN | 7:01:39 PM | vscode-loader: Could not resolve all manifests for paths `{ "" }`: only found `{}`
WARN | 7:01:39 PM | snipmate-loader: Could not resolve all collection-roots for paths `{ "" }`: only found `{}`
WARN | 7:01:39 PM | lua-loader: Could not resolve all collection-roots for paths `{ "" }`: only found `{}`
WARN | 7:02:23 PM | vscode-loader: Could not find package.json(c) in path  (expanded to nil).
WARN | 7:02:23 PM | vscode-loader: Could not resolve all manifests for paths `{ "" }`: only found `{}`
WARN | 7:02:23 PM | snipmate-loader: Could not resolve all collection-roots for paths `{ "" }`: only found `{}`
WARN | 7:02:23 PM | lua-loader: Could not resolve all collection-roots for paths `{ "" }`: only found `{}`
WARN | 7:02:56 PM | vscode-loader: Could not find package.json(c) in path  (expanded to nil).
WARN | 7:02:56 PM | vscode-loader: Could not resolve all manifests for paths `{ "" }`: only found `{}`
WARN | 7:02:56 PM | snipmate-loader: Could not resolve all collection-roots for paths `{ "" }`: only found `{}`
WARN | 7:02:56 PM | lua-loader: Could not resolve all collection-roots for paths `{ "" }`: only found `{}`
WARN | 7:09:27 PM | vscode-loader: Could not find package.json(c) in path  (expanded to nil).
WARN | 7:09:27 PM | vscode-loader: Could not resolve all manifests for paths `{ "" }`: only found `{}`
WARN | 7:09:27 PM | snipmate-loader: Could not resolve all collection-roots for paths `{ "" }`: only found `{}`
WARN | 7:09:27 PM | lua-loader: Could not resolve all collection-roots for paths `{ "" }`: only found `{}`
WARN | 7:09:51 PM | vscode-loader: Could not find package.json(c) in path  (expanded to nil).
WARN | 7:09:51 PM | vscode-loader: Could not resolve all manifests for paths `{ "" }`: only found `{}`
WARN | 7:09:51 PM | snipmate-loader: Could not resolve all collection-roots for paths `{ "" }`: only found `{}`
WARN | 7:09:51 PM | lua-loader: Could not resolve all collection-roots for paths `{ "" }`: only found `{}`
WARN | 7:13:50 PM | vscode-loader: Could not find package.json(c) in path  (expanded to nil).
WARN | 7:13:50 PM | vscode-loader: Could not resolve all manifests for paths `{ "" }`: only found `{}`
WARN | 7:13:50 PM | snipmate-loader: Could not resolve all collection-roots for paths `{ "" }`: only found `{}`
WARN | 7:13:50 PM | lua-loader: Could not resolve all collection-roots for paths `{ "" }`: only found `{}`
WARN | 7:14:09 PM | vscode-loader: Could not find package.json(c) in path  (expanded to nil).
WARN | 7:14:09 PM | vscode-loader: Could not resolve all manifests for paths `{ "" }`: only found `{}`
WARN | 7:14:09 PM | snipmate-loader: Could not resolve all collection-roots for paths `{ "" }`: only found `{}`
WARN | 7:14:09 PM | lua-loader: Could not resolve all collection-roots for paths `{ "" }`: only found `{}`
WARN | 7:14:49 PM | vscode-loader: Could not find package.json(c) in path  (expanded to nil).
WARN | 7:14:49 PM | vscode-loader: Could not resolve all manifests for paths `{ "" }`: only found `{}`
WARN | 7:14:49 PM | snipmate-loader: Could not resolve all collection-roots for paths `{ "" }`: only found `{}`
WARN | 7:14:49 PM | lua-loader: Could not resolve all collection-roots for paths `{ "" }`: only found `{}`
WARN | 7:16:21 PM | vscode-loader: Could not find package.json(c) in path  (expanded to nil).
WARN | 7:16:21 PM | vscode-loader: Could not resolve all manifests for paths `{ "" }`: only found `{}`
WARN | 7:16:21 PM | snipmate-loader: Could not resolve all collection-roots for paths `{ "" }`: only found `{}`
WARN | 7:16:21 PM | lua-loader: Could not resolve all collection-roots for paths `{ "" }`: only found `{}`
WARN | 7:18:24 PM | vscode-loader: Could not find package.json(c) in path  (expanded to nil).
WARN | 7:18:24 PM | vscode-loader: Could not resolve all manifests for paths `{ "" }`: only found `{}`
WARN | 7:18:24 PM | snipmate-loader: Could not resolve all collection-roots for paths `{ "" }`: only found `{}`
WARN | 7:18:24 PM | lua-loader: Could not resolve all collection-roots for paths `{ "" }`: only found `{}`
WARN | 7:21:14 PM | vscode-loader: Could not find package.json(c) in path  (expanded to nil).
WARN | 7:21:14 PM | vscode-loader: Could not resolve all manifests for paths `{ "" }`: only found `{}`
WARN | 7:21:14 PM | snipmate-loader: Could not resolve all collection-roots for paths `{ "" }`: only found `{}`
WARN | 7:21:14 PM | lua-loader: Could not resolve all collection-roots for paths `{ "" }`: only found `{}`
WARN | 7:25:11 PM | vscode-loader: Could not find package.json(c) in path  (expanded to nil).
WARN | 7:25:11 PM | vscode-loader: Could not resolve all manifests for paths `{ "" }`: only found `{}`
WARN | 7:25:11 PM | snipmate-loader: Could not resolve all collection-roots for paths `{ "" }`: only found `{}`
WARN | 7:25:11 PM | lua-loader: Could not resolve all collection-roots for paths `{ "" }`: only found `{}`
WARN | 7:25:45 PM | vscode-loader: Could not find package.json(c) in path  (expanded to nil).
WARN | 7:25:45 PM | vscode-loader: Could not resolve all manifests for paths `{ "" }`: only found `{}`
WARN | 7:25:45 PM | snipmate-loader: Could not resolve all collection-roots for paths `{ "" }`: only found `{}`
WARN | 7:25:45 PM | lua-loader: Could not resolve all collection-roots for paths `{ "" }`: only found `{}`
WARN | 7:36:31 PM | vscode-loader: Could not find package.json(c) in path  (expanded to nil).
WARN | 7:36:31 PM | vscode-loader: Could not resolve all manifests for paths `{ "" }`: only found `{}`
WARN | 7:36:31 PM | snipmate-loader: Could not resolve all collection-roots for paths `{ "" }`: only found `{}`
WARN | 7:36:31 PM | lua-loader: Could not resolve all collection-roots for paths `{ "" }`: only found `{}`
WARN | 8:16:31 PM | vscode-loader: Could not find package.json(c) in path  (expanded to nil).
WARN | 8:16:31 PM | vscode-loader: Could not resolve all manifests for paths `{ "" }`: only found `{}`
WARN | 8:16:31 PM | snipmate-loader: Could not resolve all collection-roots for paths `{ "" }`: only found `{}`
WARN | 8:16:31 PM | lua-loader: Could not resolve all collection-roots for paths `{ "" }`: only found `{}`
WARN | 9:36:51 PM | vscode-loader: Could not find package.json(c) in path  (expanded to nil).
WARN | 9:36:51 PM | vscode-loader: Could not resolve all manifests for paths `{ "" }`: only found `{}`
WARN | 9:36:51 PM | snipmate-loader: Could not resolve all collection-roots for paths `{ "" }`: only found `{}`
WARN | 9:36:51 PM | lua-loader: Could not resolve all collection-roots for paths `{ "" }`: only found `{}`
WARN | 9:38:12 PM | vscode-loader: Could not find package.json(c) in path  (expanded to nil).
WARN | 9:38:12 PM | vscode-loader: Could not resolve all manifests for paths `{ "" }`: only found `{}`
WARN | 9:38:12 PM | snipmate-loader: Could not resolve all collection-roots for paths `{ "" }`: only found `{}`
WARN | 9:38:12 PM | lua-loader: Could not resolve all collection-roots for paths `{ "" }`: only found `{}`
WARN | 9:40:38 PM | vscode-loader: Could not find package.json(c) in path  (expanded to nil).
WARN | 9:40:38 PM | vscode-loader: Could not resolve all manifests for paths `{ "" }`: only found `{}`
WARN | 9:40:38 PM | snipmate-loader: Could not resolve all collection-roots for paths `{ "" }`: only found `{}`
WARN | 9:40:38 PM | lua-loader: Could not resolve all collection-roots for paths `{ "" }`: only found `{}`
WARN | 9:55:57 PM | vscode-loader: Could not find package.json(c) in path  (expanded to nil).
WARN | 9:55:57 PM | vscode-loader: Could not resolve all manifests for paths `{ "" }`: only found `{}`
WARN | 9:55:57 PM | snipmate-loader: Could not resolve all collection-roots for paths `{ "" }`: only found `{}`
WARN | 9:55:57 PM | lua-loader: Could not resolve all collection-roots for paths `{ "" }`: only found `{}`
WARN | 9:56:44 PM | vscode-loader: Could not find package.json(c) in path  (expanded to nil).
WARN | 9:56:44 PM | vscode-loader: Could not resolve all manifests for paths `{ "" }`: only found `{}`
WARN | 9:56:44 PM | snipmate-loader: Could not resolve all collection-roots for paths `{ "" }`: only found `{}`
WARN | 9:56:44 PM | lua-loader: Could not resolve all collection-roots for paths `{ "" }`: only found `{}`
WARN | 9:58:57 PM | vscode-loader: Could not find package.json(c) in path  (expanded to nil).
WARN | 9:58:57 PM | vscode-loader: Could not resolve all manifests for paths `{ "" }`: only found `{}`
WARN | 9:58:57 PM | snipmate-loader: Could not resolve all collection-roots for paths `{ "" }`: only found `{}`
WARN | 9:58:57 PM | lua-loader: Could not resolve all collection-roots for paths `{ "" }`: only found `{}`
WARN | 10:05:01 PM | vscode-loader: Could not find package.json(c) in path  (expanded to nil).
WARN | 10:05:01 PM | vscode-loader: Could not resolve all manifests for paths `{ "" }`: only found `{}`
WARN | 10:05:01 PM | snipmate-loader: Could not resolve all collection-roots for paths `{ "" }`: only found `{}`
WARN | 10:05:01 PM | lua-loader: Could not resolve all collection-roots for paths `{ "" }`: only found `{}`
WARN | 10:50:56 PM | vscode-loader: Could not find package.json(c) in path  (expanded to nil).
WARN | 10:50:56 PM | vscode-loader: Could not resolve all manifests for paths `{ "" }`: only found `{}`
WARN | 10:50:56 PM | snipmate-loader: Could not resolve all collection-roots for paths `{ "" }`: only found `{}`
WARN | 10:50:56 PM | lua-loader: Could not resolve all collection-roots for paths `{ "" }`: only found `{}`
WARN | 10:54:08 PM | vscode-loader: Could not find package.json(c) in path  (expanded to nil).
WARN | 10:54:08 PM | vscode-loader: Could not resolve all manifests for paths `{ "" }`: only found `{}`
WARN | 10:54:08 PM | snipmate-loader: Could not resolve all collection-roots for paths `{ "" }`: only found `{}`
WARN | 10:54:08 PM | lua-loader: Could not resolve all collection-roots for paths `{ "" }`: only found `{}`
WARN | 10:54:49 PM | vscode-loader: Could not find package.json(c) in path  (expanded to nil).
WARN | 10:54:49 PM | vscode-loader: Could not resolve all manifests for paths `{ "" }`: only found `{}`
WARN | 10:54:49 PM | snipmate-loader: Could not resolve all collection-roots for paths `{ "" }`: only found `{}`
WARN | 10:54:49 PM | lua-loader: Could not resolve all collection-roots for paths `{ "" }`: only found `{}`
WARN | 10:55:11 PM | vscode-loader: Could not find package.json(c) in path  (expanded to nil).
WARN | 10:55:11 PM | vscode-loader: Could not resolve all manifests for paths `{ "" }`: only found `{}`
WARN | 10:55:11 PM | snipmate-loader: Could not resolve all collection-roots for paths `{ "" }`: only found `{}`
WARN | 10:55:11 PM | lua-loader: Could not resolve all collection-roots for paths `{ "" }`: only found `{}`
WARN | 11:05:41 PM | vscode-loader: Could not find package.json(c) in path  (expanded to nil).
WARN | 11:05:41 PM | vscode-loader: Could not resolve all manifests for paths `{ "" }`: only found `{}`
WARN | 11:05:41 PM | snipmate-loader: Could not resolve all collection-roots for paths `{ "" }`: only found `{}`
WARN | 11:05:41 PM | lua-loader: Could not resolve all collection-roots for paths `{ "" }`: only found `{}`
WARN | 11:07:47 PM | vscode-loader: Could not find package.json(c) in path  (expanded to nil).
WARN | 11:07:47 PM | vscode-loader: Could not resolve all manifests for paths `{ "" }`: only found `{}`
WARN | 11:07:47 PM | snipmate-loader: Could not resolve all collection-roots for paths `{ "" }`: only found `{}`
WARN | 11:07:47 PM | lua-loader: Could not resolve all collection-roots for paths `{ "" }`: only found `{}`
WARN | 11:08:24 PM | vscode-loader: Could not find package.json(c) in path  (expanded to nil).
WARN | 11:08:24 PM | vscode-loader: Could not resolve all manifests for paths `{ "" }`: only found `{}`
WARN | 11:08:24 PM | snipmate-loader: Could not resolve all collection-roots for paths `{ "" }`: only found `{}`
WARN | 11:08:24 PM | lua-loader: Could not resolve all collection-roots for paths `{ "" }`: only found `{}`
WARN | 11:09:05 PM | vscode-loader: Could not find package.json(c) in path  (expanded to nil).
WARN | 11:09:05 PM | vscode-loader: Could not resolve all manifests for paths `{ "" }`: only found `{}`
WARN | 11:09:05 PM | snipmate-loader: Could not resolve all collection-roots for paths `{ "" }`: only found `{}`
WARN | 11:09:05 PM | lua-loader: Could not resolve all collection-roots for paths `{ "" }`: only found `{}`
WARN | 11:09:51 PM | vscode-loader: Could not find package.json(c) in path  (expanded to nil).
WARN | 11:09:51 PM | vscode-loader: Could not resolve all manifests for paths `{ "" }`: only found `{}`
WARN | 11:09:51 PM | snipmate-loader: Could not resolve all collection-roots for paths `{ "" }`: only found `{}`
WARN | 11:09:51 PM | lua-loader: Could not resolve all collection-roots for paths `{ "" }`: only found `{}`
WARN | 11:10:37 PM | vscode-loader: Could not find package.json(c) in path  (expanded to nil).
WARN | 11:10:37 PM | vscode-loader: Could not resolve all manifests for paths `{ "" }`: only found `{}`
WARN | 11:10:37 PM | snipmate-loader: Could not resolve all collection-roots for paths `{ "" }`: only found `{}`
WARN | 11:10:37 PM | lua-loader: Could not resolve all collection-roots for paths `{ "" }`: only found `{}`
WARN | 11:11:11 PM | vscode-loader: Could not find package.json(c) in path  (expanded to nil).
WARN | 11:11:11 PM | vscode-loader: Could not resolve all manifests for paths `{ "" }`: only found `{}`
WARN | 11:11:11 PM | snipmate-loader: Could not resolve all collection-roots for paths `{ "" }`: only found `{}`
WARN | 11:11:11 PM | lua-loader: Could not resolve all collection-roots for paths `{ "" }`: only found `{}`
WARN | 11:11:46 PM | vscode-loader: Could not find package.json(c) in path  (expanded to nil).
WARN | 11:11:46 PM | vscode-loader: Could not resolve all manifests for paths `{ "" }`: only found `{}`
WARN | 11:11:46 PM | snipmate-loader: Could not resolve all collection-roots for paths `{ "" }`: only found `{}`
WARN | 11:11:46 PM | lua-loader: Could not resolve all collection-roots for paths `{ "" }`: only found `{}`
WARN | 11:27:43 PM | vscode-loader: Could not find package.json(c) in path  (expanded to nil).
WARN | 11:27:43 PM | vscode-loader: Could not resolve all manifests for paths `{ "" }`: only found `{}`
WARN | 11:27:43 PM | snipmate-loader: Could not resolve all collection-roots for paths `{ "" }`: only found `{}`
WARN | 11:27:43 PM | lua-loader: Could not resolve all collection-roots for paths `{ "" }`: only found `{}`
WARN | 11:31:49 PM | vscode-loader: Could not find package.json(c) in path  (expanded to nil).
WARN | 11:31:49 PM | vscode-loader: Could not resolve all manifests for paths `{ "" }`: only found `{}`
WARN | 11:31:49 PM | snipmate-loader: Could not resolve all collection-roots for paths `{ "" }`: only found `{}`
WARN | 11:31:49 PM | lua-loader: Could not resolve all collection-roots for paths `{ "" }`: only found `{}`
WARN | 11:32:25 PM | vscode-loader: Could not find package.json(c) in path  (expanded to nil).
WARN | 11:32:25 PM | vscode-loader: Could not resolve all manifests for paths `{ "" }`: only found `{}`
WARN | 11:32:25 PM | snipmate-loader: Could not resolve all collection-roots for paths `{ "" }`: only found `{}`
WARN | 11:32:25 PM | lua-loader: Could not resolve all collection-roots for paths `{ "" }`: only found `{}`
WARN | 10:48:33 AM | vscode-loader: Could not find package.json(c) in path  (expanded to nil).
WARN | 10:48:33 AM | vscode-loader: Could not resolve all manifests for paths `{ "" }`: only found `{}`
WARN | 10:48:33 AM | snipmate-loader: Could not resolve all collection-roots for paths `{ "" }`: only found `{}`
WARN | 10:48:33 AM | lua-loader: Could not resolve all collection-roots for paths `{ "" }`: only found `{}`
WARN | 10:48:56 AM | vscode-loader: Could not find package.json(c) in path  (expanded to nil).
WARN | 10:48:56 AM | vscode-loader: Could not resolve all manifests for paths `{ "" }`: only found `{}`
WARN | 10:48:56 AM | snipmate-loader: Could not resolve all collection-roots for paths `{ "" }`: only found `{}`
WARN | 10:48:56 AM | lua-loader: Could not resolve all collection-roots for paths `{ "" }`: only found `{}`
WARN | 6:01:39 PM | vscode-loader: Could not find package.json(c) in path  (expanded to nil).
WARN | 6:01:39 PM | vscode-loader: Could not resolve all manifests for paths `{ "" }`: only found `{}`
WARN | 6:01:39 PM | snipmate-loader: Could not resolve all collection-roots for paths `{ "" }`: only found `{}`
WARN | 6:01:39 PM | lua-loader: Could not resolve all collection-roots for paths `{ "" }`: only found `{}`
WARN | 6:07:02 PM | vscode-loader: Could not find package.json(c) in path  (expanded to nil).
WARN | 6:07:02 PM | vscode-loader: Could not resolve all manifests for paths `{ "" }`: only found `{}`
WARN | 6:07:02 PM | snipmate-loader: Could not resolve all collection-roots for paths `{ "" }`: only found `{}`
WARN | 6:07:02 PM | lua-loader: Could not resolve all collection-roots for paths `{ "" }`: only found `{}`
WARN | 6:08:11 PM | vscode-loader: Could not find package.json(c) in path  (expanded to nil).
WARN | 6:08:11 PM | vscode-loader: Could not resolve all manifests for paths `{ "" }`: only found `{}`
WARN | 6:08:11 PM | snipmate-loader: Could not resolve all collection-roots for paths `{ "" }`: only found `{}`
WARN | 6:08:11 PM | lua-loader: Could not resolve all collection-roots for paths `{ "" }`: only found `{}`
WARN | 6:09:26 PM | vscode-loader: Could not find package.json(c) in path  (expanded to nil).
WARN | 6:09:26 PM | vscode-loader: Could not resolve all manifests for paths `{ "" }`: only found `{}`
WARN | 6:09:26 PM | snipmate-loader: Could not resolve all collection-roots for paths `{ "" }`: only found `{}`
WARN | 6:09:26 PM | lua-loader: Could not resolve all collection-roots for paths `{ "" }`: only found `{}`
WARN | 6:09:46 PM | vscode-loader: Could not find package.json(c) in path  (expanded to nil).
WARN | 6:09:46 PM | vscode-loader: Could not resolve all manifests for paths `{ "" }`: only found `{}`
WARN | 6:09:46 PM | snipmate-loader: Could not resolve all collection-roots for paths `{ "" }`: only found `{}`
WARN | 6:09:46 PM | lua-loader: Could not resolve all collection-roots for paths `{ "" }`: only found `{}`
WARN | 6:10:23 PM | vscode-loader: Could not find package.json(c) in path  (expanded to nil).
WARN | 6:10:23 PM | vscode-loader: Could not resolve all manifests for paths `{ "" }`: only found `{}`
WARN | 6:10:23 PM | snipmate-loader: Could not resolve all collection-roots for paths `{ "" }`: only found `{}`
WARN | 6:10:23 PM | lua-loader: Could not resolve all collection-roots for paths `{ "" }`: only found `{}`
WARN | 6:11:26 PM | vscode-loader: Could not find package.json(c) in path  (expanded to nil).
WARN | 6:11:26 PM | vscode-loader: Could not resolve all manifests for paths `{ "" }`: only found `{}`
WARN | 6:11:26 PM | snipmate-loader: Could not resolve all collection-roots for paths `{ "" }`: only found `{}`
WARN | 6:11:26 PM | lua-loader: Could not resolve all collection-roots for paths `{ "" }`: only found `{}`
WARN | 6:12:12 PM | vscode-loader: Could not find package.json(c) in path  (expanded to nil).
WARN | 6:12:12 PM | vscode-loader: Could not resolve all manifests for paths `{ "" }`: only found `{}`
WARN | 6:12:12 PM | snipmate-loader: Could not resolve all collection-roots for paths `{ "" }`: only found `{}`
WARN | 6:12:12 PM | lua-loader: Could not resolve all collection-roots for paths `{ "" }`: only found `{}`
WARN | 6:12:44 PM | vscode-loader: Could not find package.json(c) in path  (expanded to nil).
WARN | 6:12:44 PM | vscode-loader: Could not resolve all manifests for paths `{ "" }`: only found `{}`
WARN | 6:12:44 PM | snipmate-loader: Could not resolve all collection-roots for paths `{ "" }`: only found `{}`
WARN | 6:12:44 PM | lua-loader: Could not resolve all collection-roots for paths `{ "" }`: only found `{}`
WARN | 6:12:52 PM | vscode-loader: Could not find package.json(c) in path  (expanded to nil).
WARN | 6:12:52 PM | vscode-loader: Could not resolve all manifests for paths `{ "" }`: only found `{}`
WARN | 6:12:52 PM | snipmate-loader: Could not resolve all collection-roots for paths `{ "" }`: only found `{}`
WARN | 6:12:52 PM | lua-loader: Could not resolve all collection-roots for paths `{ "" }`: only found `{}`
WARN | 6:21:44 PM | vscode-loader: Could not find package.json(c) in path  (expanded to nil).
WARN | 6:21:44 PM | vscode-loader: Could not resolve all manifests for paths `{ "" }`: only found `{}`
WARN | 6:21:44 PM | snipmate-loader: Could not resolve all collection-roots for paths `{ "" }`: only found `{}`
WARN | 6:21:44 PM | lua-loader: Could not resolve all collection-roots for paths `{ "" }`: only found `{}`
