[INFO  11/7/2024 6:24:57 PM] ...m-data/lazy/mason.nvim/lua/mason-core/installer/init.lua:184: Executing installer for Package(name=css-lsp) {}
[INFO  11/7/2024 6:24:57 PM] ...m-data/lazy/mason.nvim/lua/mason-core/installer/init.lua:184: Executing installer for Package(name=lua-language-server) {}
[INFO  11/7/2024 6:24:57 PM] ...m-data/lazy/mason.nvim/lua/mason-core/installer/init.lua:184: Executing installer for Package(name=html-lsp) {}
[INFO  11/7/2024 6:24:57 PM] ...m-data/lazy/mason.nvim/lua/mason-core/installer/init.lua:184: Executing installer for Package(name=stylua) {}
[INFO  11/7/2024 6:25:04 PM] ...m-data/lazy/mason.nvim/lua/mason-core/installer/init.lua:184: Executing installer for Package(name=coq-lsp) {}
[ERROR 11/7/2024 6:25:04 PM] ...m-data/lazy/mason.nvim/lua/mason-core/installer/init.lua:249: Installation failed for Package(name=coq-lsp) error=spawn: opam failed with exit code - and signal -. opam is not executable
[INFO  11/7/2024 6:25:04 PM] ...m-data/lazy/mason.nvim/lua/mason-core/installer/init.lua:245: Installation succeeded for Package(name=stylua)
[INFO  11/7/2024 6:25:07 PM] ...m-data/lazy/mason.nvim/lua/mason-core/installer/init.lua:245: Installation succeeded for Package(name=lua-language-server)
[INFO  11/7/2024 6:25:07 PM] ...m-data/lazy/mason.nvim/lua/mason-core/installer/init.lua:245: Installation succeeded for Package(name=html-lsp)
[INFO  11/7/2024 6:25:07 PM] ...m-data/lazy/mason.nvim/lua/mason-core/installer/init.lua:245: Installation succeeded for Package(name=css-lsp)
[INFO  11/7/2024 6:25:12 PM] ...m-data/lazy/mason.nvim/lua/mason-core/installer/init.lua:184: Executing installer for Package(name=gitleaks) {}
[INFO  11/7/2024 6:25:13 PM] ...m-data/lazy/mason.nvim/lua/mason-core/installer/init.lua:184: Executing installer for Package(name=gitlab-ci-ls) {}
[INFO  11/7/2024 6:25:14 PM] ...m-data/lazy/mason.nvim/lua/mason-core/installer/init.lua:184: Executing installer for Package(name=gitlint) {}
[INFO  11/7/2024 6:25:19 PM] ...m-data/lazy/mason.nvim/lua/mason-core/installer/init.lua:245: Installation succeeded for Package(name=gitleaks)
[INFO  11/7/2024 6:25:22 PM] ...m-data/lazy/mason.nvim/lua/mason-core/installer/init.lua:184: Executing installer for Package(name=prettier) {}
[INFO  11/7/2024 6:25:25 PM] ...m-data/lazy/mason.nvim/lua/mason-core/installer/init.lua:184: Executing installer for Package(name=pyright) {}
[INFO  11/7/2024 6:25:26 PM] ...m-data/lazy/mason.nvim/lua/mason-core/installer/init.lua:245: Installation succeeded for Package(name=prettier)
[INFO  11/7/2024 6:25:27 PM] ...m-data/lazy/mason.nvim/lua/mason-core/installer/init.lua:184: Executing installer for Package(name=python-lsp-server) {}
[INFO  11/7/2024 6:25:27 PM] ...m-data/lazy/mason.nvim/lua/mason-core/installer/init.lua:184: Executing installer for Package(name=pyproject-flake8) {}
[INFO  11/7/2024 6:25:27 PM] ...m-data/lazy/mason.nvim/lua/mason-core/installer/init.lua:184: Executing installer for Package(name=pylyzer) {}
[INFO  11/7/2024 6:25:28 PM] ...m-data/lazy/mason.nvim/lua/mason-core/installer/init.lua:184: Executing installer for Package(name=pylama) {}
[INFO  11/7/2024 6:25:29 PM] ...m-data/lazy/mason.nvim/lua/mason-core/installer/init.lua:184: Executing installer for Package(name=pyink) {}
[INFO  11/7/2024 6:25:29 PM] ...m-data/lazy/mason.nvim/lua/mason-core/installer/init.lua:184: Executing installer for Package(name=pyflakes) {}
[INFO  11/7/2024 6:25:30 PM] ...m-data/lazy/mason.nvim/lua/mason-core/installer/init.lua:184: Executing installer for Package(name=pydocstyle) {}
[INFO  11/7/2024 6:25:38 PM] ...m-data/lazy/mason.nvim/lua/mason-core/installer/init.lua:184: Executing installer for Package(name=pyre) {}
[INFO  11/7/2024 6:25:38 PM] ...m-data/lazy/mason.nvim/lua/mason-core/installer/init.lua:245: Installation succeeded for Package(name=gitlint)
[INFO  11/7/2024 6:25:40 PM] ...m-data/lazy/mason.nvim/lua/mason-core/installer/init.lua:184: Executing installer for Package(name=pylint) {}
[INFO  11/7/2024 6:25:40 PM] ...m-data/lazy/mason.nvim/lua/mason-core/installer/init.lua:245: Installation succeeded for Package(name=pyright)
[INFO  11/7/2024 6:25:47 PM] ...m-data/lazy/mason.nvim/lua/mason-core/installer/init.lua:184: Executing installer for Package(name=pyment) {}
[INFO  11/7/2024 6:25:47 PM] ...m-data/lazy/mason.nvim/lua/mason-core/installer/init.lua:245: Installation succeeded for Package(name=pyflakes)
[ERROR 11/7/2024 6:25:48 PM] ...m-data/lazy/mason.nvim/lua/mason-core/providers/init.lua:81: Provider "pypi" "get_supported_python_versions" failed: "Package does not specify supported Python versions."
[INFO  11/7/2024 6:25:49 PM] ...m-data/lazy/mason.nvim/lua/mason-core/installer/init.lua:184: Executing installer for Package(name=ruff) {}
[INFO  11/7/2024 6:25:49 PM] ...m-data/lazy/mason.nvim/lua/mason-core/installer/init.lua:245: Installation succeeded for Package(name=gitlab-ci-ls)
[INFO  11/7/2024 6:25:49 PM] ...m-data/lazy/mason.nvim/lua/mason-core/installer/init.lua:184: Executing installer for Package(name=ruff-lsp) {}
[INFO  11/7/2024 6:25:49 PM] ...m-data/lazy/mason.nvim/lua/mason-core/installer/init.lua:245: Installation succeeded for Package(name=pydocstyle)
[INFO  11/7/2024 6:25:49 PM] ...m-data/lazy/mason.nvim/lua/mason-core/installer/init.lua:184: Executing installer for Package(name=rust-analyzer) {}
[INFO  11/7/2024 6:25:49 PM] ...m-data/lazy/mason.nvim/lua/mason-core/installer/init.lua:245: Installation succeeded for Package(name=pyproject-flake8)
[ERROR 11/7/2024 6:25:53 PM] ...m-data/lazy/mason.nvim/lua/mason-core/providers/init.lua:81: Provider "pypi" "get_supported_python_versions" failed: "Package does not specify supported Python versions."
[ERROR 11/7/2024 6:25:53 PM] ...m-data/lazy/mason.nvim/lua/mason-core/providers/init.lua:92: No provider implementation succeeded for pypi.get_supported_python_versions
[INFO  11/7/2024 6:25:53 PM] ...m-data/lazy/mason.nvim/lua/mason-core/installer/init.lua:184: Executing installer for Package(name=rust_hdl) {}
[INFO  11/7/2024 6:25:53 PM] ...m-data/lazy/mason.nvim/lua/mason-core/installer/init.lua:245: Installation succeeded for Package(name=pyink)
[INFO  11/7/2024 6:25:56 PM] ...m-data/lazy/mason.nvim/lua/mason-core/installer/init.lua:184: Executing installer for Package(name=rustfmt) {}
[INFO  11/7/2024 6:25:56 PM] ...m-data/lazy/mason.nvim/lua/mason-core/installer/init.lua:245: Installation succeeded for Package(name=rust_hdl)
[INFO  11/7/2024 6:26:01 PM] ...m-data/lazy/mason.nvim/lua/mason-core/installer/init.lua:245: Installation succeeded for Package(name=pylint)
[INFO  11/7/2024 6:26:02 PM] ...m-data/lazy/mason.nvim/lua/mason-core/installer/init.lua:245: Installation succeeded for Package(name=ruff)
[INFO  11/7/2024 6:26:02 PM] ...m-data/lazy/mason.nvim/lua/mason-core/installer/init.lua:245: Installation succeeded for Package(name=pylyzer)
[INFO  11/7/2024 6:26:05 PM] ...m-data/lazy/mason.nvim/lua/mason-core/installer/init.lua:245: Installation succeeded for Package(name=pyment)
[INFO  11/7/2024 6:26:06 PM] ...m-data/lazy/mason.nvim/lua/mason-core/installer/init.lua:245: Installation succeeded for Package(name=ruff-lsp)
[INFO  11/7/2024 6:26:14 PM] ...m-data/lazy/mason.nvim/lua/mason-core/installer/init.lua:245: Installation succeeded for Package(name=python-lsp-server)
[INFO  11/7/2024 6:26:16 PM] ...m-data/lazy/mason.nvim/lua/mason-core/installer/init.lua:245: Installation succeeded for Package(name=rustfmt)
[INFO  11/7/2024 6:26:31 PM] ...m-data/lazy/mason.nvim/lua/mason-core/installer/init.lua:245: Installation succeeded for Package(name=rust-analyzer)
[INFO  11/7/2024 6:26:31 PM] ...m-data/lazy/mason.nvim/lua/mason-core/installer/init.lua:245: Installation succeeded for Package(name=pylama)
[INFO  11/7/2024 6:27:31 PM] ...m-data/lazy/mason.nvim/lua/mason-core/installer/init.lua:245: Installation succeeded for Package(name=pyre)
