[18:09:30.517][info] [#0:C:/Users/ASUS/AppData/Local/nvim-data/mason/packages/lua-language-server\main.lua:68]: Lua Lsp startup, root: 	C:/Users/ASUS/AppData/Local/nvim-data/mason/packages/lua-language-server
[18:09:30.517][info] [#0:C:/Users/ASUS/AppData/Local/nvim-data/mason/packages/lua-language-server\main.lua:69]: ROOT:	C:/Users/ASUS/AppData/Local/nvim-data/mason/packages/lua-language-server
[18:09:30.517][info] [#0:C:/Users/ASUS/AppData/Local/nvim-data/mason/packages/lua-language-server\main.lua:70]: LOGPATH:	C:/Users/ASUS/AppData/Local/nvim-data/mason/packages/lua-language-server/log
[18:09:30.517][info] [#0:C:/Users/ASUS/AppData/Local/nvim-data/mason/packages/lua-language-server\main.lua:71]: METAPATH:	C:/Users/ASUS/AppData/Local/nvim-data/mason/packages/lua-language-server/meta
[18:09:30.518][info] [#0:C:/Users/ASUS/AppData/Local/nvim-data/mason/packages/lua-language-server\main.lua:72]: VERSION:	3.12.0
[18:09:30.541][info] [#0:script\proto\proto.lua:260]: Listen Mode: stdio
[18:09:30.541][info] [#0:script\service\service.lua:145]: 
========= Medical Examination Report =========
    --------------- Memory ---------------
        Total: 2.247 MB
        # 00 : 2.247 MB
        # 01 : 0.000 MB
        # 02 : 0.000 MB
        # 03 : 0.000 MB
        # 04 : 0.000 MB
    --------------- Coroutine ---------------
        Total:     0
        Running:   0
        Suspended: 0
        Normal:    0
        Dead:      0
    --------------- Cache ---------------
        Total: 1
        Dead:  0
    ---------------  RPC  ---------------
        Holdon:   0
        Waiting:  0
==============================================
[18:09:30.657][info] [#0:script\client.lua:657]: Client init	{
  capabilities = {
    general = {
      positionEncodings = { "utf-16" }
    },
    textDocument = {
      callHierarchy = {
        dynamicRegistration = false
      },
      codeAction = {
        codeActionLiteralSupport = {
          codeActionKind = {
            valueSet = { "", "quickfix", "refactor", "refactor.extract", "refactor.inline", "refactor.rewrite", "source", "source.organizeImports" }
          }
        },
        dataSupport = true,
        dynamicRegistration = true,
        isPreferredSupport = true,
        resolveSupport = {
          properties = { "edit" }
        }
      },
      completion = {
        completionItem = {
          commitCharactersSupport = true,
          deprecatedSupport = true,
          documentationFormat = { "markdown", "plaintext" },
          insertReplaceSupport = true,
          labelDetailsSupport = true,
          preselectSupport = true,
          resolveSupport = {
            properties = { "documentation", "detail", "additionalTextEdits" }
          },
          snippetSupport = true,
          tagSupport = {
            valueSet = { 1 }
          }
        },
        completionItemKind = {
          valueSet = { 1, 2, 3, 4, 5, 6, 7, 8, 9, 10, 11, 12, 13, 14, 15, 16, 17, 18, 19, 20, 21, 22, 23, 24, 25 }
        },
        completionList = {
          itemDefaults = { "editRange", "insertTextFormat", "insertTextMode", "data" }
        },
        contextSupport = false,
        dynamicRegistration = false
      },
      declaration = {
        linkSupport = true
      },
      definition = {
        dynamicRegistration = true,
        linkSupport = true
      },
      diagnostic = {
        dynamicRegistration = false
      },
      documentHighlight = {
        dynamicRegistration = false
      },
      documentSymbol = {
        dynamicRegistration = false,
        hierarchicalDocumentSymbolSupport = true,
        symbolKind = {
          valueSet = { 1, 2, 3, 4, 5, 6, 7, 8, 9, 10, 11, 12, 13, 14, 15, 16, 17, 18, 19, 20, 21, 22, 23, 24, 25, 26 }
        }
      },
      formatting = {
        dynamicRegistration = true
      },
      hover = {
        contentFormat = { "markdown", "plaintext" },
        dynamicRegistration = true
      },
      implementation = {
        linkSupport = true
      },
      inlayHint = {
        dynamicRegistration = true,
        resolveSupport = {
          properties = { "textEdits", "tooltip", "location", "command" }
        }
      },
      publishDiagnostics = {
        dataSupport = true,
        relatedInformation = true,
        tagSupport = {
          valueSet = { 1, 2 }
        }
      },
      rangeFormatting = {
        dynamicRegistration = true
      },
      references = {
        dynamicRegistration = false
      },
      rename = {
        dynamicRegistration = true,
        prepareSupport = true
      },
      semanticTokens = {
        augmentsSyntaxTokens = true,
        dynamicRegistration = false,
        formats = { "relative" },
        multilineTokenSupport = false,
        overlappingTokenSupport = true,
        requests = {
          full = {
            delta = true
          },
          range = false
        },
        serverCancelSupport = false,
        tokenModifiers = { "declaration", "definition", "readonly", "static", "deprecated", "abstract", "async", "modification", "documentation", "defaultLibrary" },
        tokenTypes = { "namespace", "type", "class", "enum", "interface", "struct", "typeParameter", "parameter", "variable", "property", "enumMember", "event", "function", "method", "macro", "keyword", "modifier", "comment", "string", "number", "regexp", "operator", "decorator" }
      },
      signatureHelp = {
        dynamicRegistration = false,
        signatureInformation = {
          activeParameterSupport = true,
          documentationFormat = { "markdown", "plaintext" },
          parameterInformation = {
            labelOffsetSupport = true
          }
        }
      },
      synchronization = {
        didSave = true,
        dynamicRegistration = false,
        willSave = true,
        willSaveWaitUntil = true
      },
      typeDefinition = {
        linkSupport = true
      }
    },
    window = {
      showDocument = {
        support = true
      },
      showMessage = {
        messageActionItem = {
          additionalPropertiesSupport = false
        }
      },
      workDoneProgress = true
    },
    workspace = {
      applyEdit = true,
      configuration = true,
      didChangeConfiguration = {
        dynamicRegistration = false
      },
      didChangeWatchedFiles = {
        dynamicRegistration = true,
        relativePatternSupport = true
      },
      inlayHint = {
        refreshSupport = true
      },
      semanticTokens = {
        refreshSupport = true
      },
      symbol = {
        dynamicRegistration = false,
        symbolKind = {
          valueSet = { 1, 2, 3, 4, 5, 6, 7, 8, 9, 10, 11, 12, 13, 14, 15, 16, 17, 18, 19, 20, 21, 22, 23, 24, 25, 26 }
        }
      },
      workspaceEdit = {
        resourceOperations = { "rename", "create", "delete" }
      },
      workspaceFolders = true
    }
  },
  clientInfo = {
    name = "Neovim",
    version = "0.10.1+g7e194f0d0"
  },
  initializationOptions = {},
  processId = 9632,
  trace = "off",
  workDoneToken = "1"
}
[18:09:30.658][info] [#0:script\language.lua:137]: VSC language: nil
[18:09:30.658][info] [#0:script\language.lua:138]: LS  language: en-us
[18:09:30.876][info] [#0:script\provider\provider.lua:64]: Load config from client	fallback
[18:09:30.876][info] [#0:script\provider\provider.lua:65]: {
  Lua = {
    diagnostics = {
      globals = { "vim" }
    },
    workspace = {
      library = { "C:\\Program Files\\Neovim\\share\\nvim\\runtime\\lua", "C:\\Program Files\\Neovim\\share\\nvim\\runtime\\lua\\vim\\lsp", "C:\\Users\\ASUS\\AppData\\Local\\nvim-data/lazy/ui/nvchad_types", "C:\\Users\\ASUS\\AppData\\Local\\nvim-data/lazy/lazy.nvim/lua/lazy", "${3rd}/luv/library" },
      maxPreload = 100000,
      preloadFileSize = 10000
    }
  }
}
[18:09:30.876][info] [#0:script\provider\provider.lua:64]: Load config from client	fallback
[18:09:30.876][info] [#0:script\provider\provider.lua:65]: {
  Lua = {
    diagnostics = {
      globals = { "vim" }
    },
    workspace = {
      library = { "C:\\Program Files\\Neovim\\share\\nvim\\runtime\\lua", "C:\\Program Files\\Neovim\\share\\nvim\\runtime\\lua\\vim\\lsp", "C:\\Users\\ASUS\\AppData\\Local\\nvim-data/lazy/ui/nvchad_types", "C:\\Users\\ASUS\\AppData\\Local\\nvim-data/lazy/lazy.nvim/lua/lazy", "${3rd}/luv/library" },
      maxPreload = 100000,
      preloadFileSize = 10000
    }
  }
}
[18:09:30.991][info] [#0:script\library.lua:212]: Init builtin library at:	nil
[18:09:31.170][info] [#0:script\workspace\workspace.lua:324]: Preload start:	<fallback>
[18:09:31.171][info] [#0:script\workspace\workspace.lua:353]: Scan library at:	file:///c%3A/Users/ASUS/AppData/Local/nvim-data/mason/packages/lua-language-server/meta/Lua%205.4%20en-us%20utf8/basic.lua
[18:09:31.171][info] [#0:script\workspace\workspace.lua:353]: Scan library at:	file:///c%3A/Users/ASUS/AppData/Local/nvim-data/mason/packages/lua-language-server/meta/Lua%205.4%20en-us%20utf8/table.lua
[18:09:31.171][info] [#0:script\workspace\workspace.lua:353]: Scan library at:	file:///c%3A/Users/ASUS/AppData/Local/nvim-data/lazy/ui/nvchad_types
[18:09:31.172][info] [#0:script\workspace\workspace.lua:353]: Scan library at:	file:///c%3A/Users/ASUS/AppData/Local/nvim-data/mason/packages/lua-language-server/meta/Lua%205.4%20en-us%20utf8/string.lua
[18:09:31.172][info] [#0:script\workspace\workspace.lua:353]: Scan library at:	file:///c%3A/Users/ASUS/AppData/Local/nvim-data/lazy/lazy.nvim/lua/lazy
[18:09:31.176][info] [#0:script\workspace\workspace.lua:353]: Scan library at:	file:///c%3A/Users/ASUS/AppData/Local/nvim-data/mason/packages/lua-language-server/meta/Lua%205.4%20en-us%20utf8/package.lua
[18:09:31.176][info] [#0:script\workspace\workspace.lua:353]: Scan library at:	file:///c%3A/Program%20Files/Neovim/share/nvim/runtime/lua
[18:09:31.184][info] [#0:script\workspace\workspace.lua:353]: Scan library at:	file:///c%3A/Users/ASUS/AppData/Local/nvim-data/mason/packages/lua-language-server/meta/Lua%205.4%20en-us%20utf8/utf8.lua
[18:09:31.184][info] [#0:script\workspace\workspace.lua:353]: Scan library at:	file:///c%3A/Users/ASUS/AppData/Local/nvim-data/mason/packages/lua-language-server/meta/Lua%205.4%20en-us%20utf8/io.lua
[18:09:31.185][info] [#0:script\workspace\workspace.lua:353]: Scan library at:	file:///c%3A/Users/ASUS/AppData/Local/nvim-data/mason/packages/lua-language-server/meta/3rd/luv/library
[18:09:31.186][info] [#0:script\workspace\workspace.lua:353]: Scan library at:	file:///c%3A/Users/ASUS/AppData/Local/nvim-data/mason/packages/lua-language-server/meta/Lua%205.4%20en-us%20utf8/builtin.lua
[18:09:31.186][info] [#0:script\workspace\workspace.lua:353]: Scan library at:	file:///c%3A/Users/ASUS/AppData/Local/nvim-data/mason/packages/lua-language-server/meta/Lua%205.4%20en-us%20utf8/os.lua
[18:09:31.186][info] [#0:script\workspace\workspace.lua:353]: Scan library at:	file:///c%3A/Users/ASUS/AppData/Local/nvim-data/mason/packages/lua-language-server/meta/Lua%205.4%20en-us%20utf8/math.lua
[18:09:31.187][info] [#0:script\workspace\workspace.lua:353]: Scan library at:	file:///c%3A/Users/ASUS/AppData/Local/nvim-data/mason/packages/lua-language-server/meta/Lua%205.4%20en-us%20utf8/coroutine.lua
[18:09:31.187][info] [#0:script\workspace\workspace.lua:353]: Scan library at:	file:///c%3A/Users/ASUS/AppData/Local/nvim-data/mason/packages/lua-language-server/meta/Lua%205.4%20en-us%20utf8/debug.lua
[18:09:31.187][info] [#0:script\workspace\workspace.lua:353]: Scan library at:	file:///c%3A/Program%20Files/Neovim/share/nvim/runtime/lua/vim/lsp
[18:09:31.295][info] [#0:script\workspace\workspace.lua:379]: Found 234 files at:	<fallback>
[18:09:31.295][info] [#0:script\workspace\loading.lua:160]: Load files from disk:	<fallback>
[18:09:31.296][info] [#0:script\workspace\loading.lua:100]: Preload file at: file:///c%3A/Program%20Files/Neovim/share/nvim/runtime/lua/vim/lsp/buf.lua , size = 31.393 KB
[18:09:31.307][info] [#0:script\workspace\loading.lua:112]: ++++As library of:	file:///c%3A/Program%20Files/Neovim/share/nvim/runtime/lua/vim/lsp
[18:09:31.307][info] [#0:script\workspace\loading.lua:100]: Preload file at: file:///c%3A/Program%20Files/Neovim/share/nvim/runtime/lua/vim/lsp/client.lua , size = 39.091 KB
[18:09:31.319][info] [#0:script\workspace\loading.lua:112]: ++++As library of:	file:///c%3A/Program%20Files/Neovim/share/nvim/runtime/lua/vim/lsp
[18:09:31.319][info] [#0:script\workspace\loading.lua:100]: Preload file at: file:///c%3A/Program%20Files/Neovim/share/nvim/runtime/lua/vim/lsp/codelens.lua , size = 9.652 KB
[18:09:31.322][info] [#0:script\workspace\loading.lua:112]: ++++As library of:	file:///c%3A/Program%20Files/Neovim/share/nvim/runtime/lua/vim/lsp
[18:09:31.322][info] [#0:script\workspace\loading.lua:100]: Preload file at: file:///c%3A/Program%20Files/Neovim/share/nvim/runtime/lua/vim/lsp/diagnostic.lua , size = 14.568 KB
[18:09:31.327][info] [#0:script\workspace\loading.lua:112]: ++++As library of:	file:///c%3A/Program%20Files/Neovim/share/nvim/runtime/lua/vim/lsp
[18:09:31.327][info] [#0:script\workspace\loading.lua:100]: Preload file at: file:///c%3A/Program%20Files/Neovim/share/nvim/runtime/lua/vim/lsp/handlers.lua , size = 27.504 KB
[18:09:31.336][info] [#0:script\workspace\loading.lua:112]: ++++As library of:	file:///c%3A/Program%20Files/Neovim/share/nvim/runtime/lua/vim/lsp
[18:09:31.336][info] [#0:script\workspace\loading.lua:100]: Preload file at: file:///c%3A/Program%20Files/Neovim/share/nvim/runtime/lua/vim/lsp/health.lua , size = 5.564 KB
[18:09:31.337][info] [#0:script\workspace\loading.lua:112]: ++++As library of:	file:///c%3A/Program%20Files/Neovim/share/nvim/runtime/lua/vim/lsp
[18:09:31.337][info] [#0:script\workspace\loading.lua:100]: Preload file at: file:///c%3A/Program%20Files/Neovim/share/nvim/runtime/lua/vim/lsp/inlay_hint.lua , size = 12.742 KB
[18:09:31.341][info] [#0:script\workspace\loading.lua:112]: ++++As library of:	file:///c%3A/Program%20Files/Neovim/share/nvim/runtime/lua/vim/lsp
[18:09:31.341][info] [#0:script\workspace\loading.lua:100]: Preload file at: file:///c%3A/Program%20Files/Neovim/share/nvim/runtime/lua/vim/lsp/log.lua , size = 4.846 KB
[18:09:31.343][info] [#0:script\workspace\loading.lua:112]: ++++As library of:	file:///c%3A/Program%20Files/Neovim/share/nvim/runtime/lua/vim/lsp
[18:09:31.343][info] [#0:script\workspace\loading.lua:100]: Preload file at: file:///c%3A/Program%20Files/Neovim/share/nvim/runtime/lua/vim/lsp/protocol.lua , size = 50.175 KB
[18:09:31.348][info] [#0:script\workspace\loading.lua:112]: ++++As library of:	file:///c%3A/Program%20Files/Neovim/share/nvim/runtime/lua/vim/lsp
[18:09:31.348][info] [#0:script\workspace\loading.lua:100]: Preload file at: file:///c%3A/Program%20Files/Neovim/share/nvim/runtime/lua/vim/lsp/semantic_tokens.lua , size = 27.185 KB
[18:09:31.359][info] [#0:script\workspace\loading.lua:112]: ++++As library of:	file:///c%3A/Program%20Files/Neovim/share/nvim/runtime/lua/vim/lsp
[18:09:31.359][info] [#0:script\workspace\loading.lua:100]: Preload file at: file:///c%3A/Program%20Files/Neovim/share/nvim/runtime/lua/vim/lsp/sync.lua , size = 16.673 KB
[18:09:31.364][info] [#0:script\workspace\loading.lua:112]: ++++As library of:	file:///c%3A/Program%20Files/Neovim/share/nvim/runtime/lua/vim/lsp
[18:09:31.364][info] [#0:script\workspace\loading.lua:100]: Preload file at: file:///c%3A/Program%20Files/Neovim/share/nvim/runtime/lua/vim/lsp/rpc.lua , size = 26.793 KB
[18:09:31.371][info] [#0:script\workspace\loading.lua:112]: ++++As library of:	file:///c%3A/Program%20Files/Neovim/share/nvim/runtime/lua/vim/lsp
[18:09:31.371][info] [#0:script\workspace\loading.lua:100]: Preload file at: file:///c%3A/Program%20Files/Neovim/share/nvim/runtime/lua/vim/lsp/_changetracking.lua , size = 11.856 KB
[18:09:31.375][info] [#0:script\workspace\loading.lua:112]: ++++As library of:	file:///c%3A/Program%20Files/Neovim/share/nvim/runtime/lua/vim/lsp
[18:09:31.375][info] [#0:script\workspace\loading.lua:100]: Preload file at: file:///c%3A/Program%20Files/Neovim/share/nvim/runtime/lua/vim/lsp/util.lua , size = 79.135 KB
[18:09:31.402][info] [#0:script\workspace\loading.lua:112]: ++++As library of:	file:///c%3A/Program%20Files/Neovim/share/nvim/runtime/lua/vim/lsp
[18:09:31.402][info] [#0:script\workspace\loading.lua:100]: Preload file at: file:///c%3A/Program%20Files/Neovim/share/nvim/runtime/lua/vim/lsp/_completion.lua , size = 9.234 KB
[18:09:31.405][info] [#0:script\workspace\loading.lua:112]: ++++As library of:	file:///c%3A/Program%20Files/Neovim/share/nvim/runtime/lua/vim/lsp
[18:09:31.405][info] [#0:script\workspace\loading.lua:100]: Preload file at: file:///c%3A/Program%20Files/Neovim/share/nvim/runtime/lua/vim/lsp/_dynamic.lua , size = 3.084 KB
[18:09:31.406][info] [#0:script\workspace\loading.lua:112]: ++++As library of:	file:///c%3A/Program%20Files/Neovim/share/nvim/runtime/lua/vim/lsp
[18:09:31.407][info] [#0:script\workspace\loading.lua:100]: Preload file at: file:///c%3A/Program%20Files/Neovim/share/nvim/runtime/lua/vim/lsp/_meta.lua , size = 0.456 KB
[18:09:31.407][info] [#0:script\workspace\loading.lua:112]: ++++As library of:	file:///c%3A/Program%20Files/Neovim/share/nvim/runtime/lua/vim/lsp
[18:09:31.407][info] [#0:script\workspace\loading.lua:100]: Preload file at: file:///c%3A/Program%20Files/Neovim/share/nvim/runtime/lua/vim/lsp/_snippet_grammar.lua , size = 6.355 KB
[18:09:31.409][info] [#0:script\workspace\loading.lua:112]: ++++As library of:	file:///c%3A/Program%20Files/Neovim/share/nvim/runtime/lua/vim/lsp
[18:09:31.409][info] [#0:script\workspace\loading.lua:100]: Preload file at: file:///c%3A/Program%20Files/Neovim/share/nvim/runtime/lua/vim/lsp/_tagfunc.lua , size = 2.868 KB
[18:09:31.410][info] [#0:script\workspace\loading.lua:112]: ++++As library of:	file:///c%3A/Program%20Files/Neovim/share/nvim/runtime/lua/vim/lsp
[18:09:31.411][info] [#0:script\workspace\loading.lua:100]: Preload file at: file:///c%3A/Program%20Files/Neovim/share/nvim/runtime/lua/vim/lsp/_watchfiles.lua , size = 7.065 KB
[18:09:31.413][info] [#0:script\workspace\loading.lua:112]: ++++As library of:	file:///c%3A/Program%20Files/Neovim/share/nvim/runtime/lua/vim/lsp
[18:09:31.413][info] [#0:script\workspace\loading.lua:100]: Preload file at: file:///c%3A/Users/ASUS/AppData/Local/nvim-data/mason/packages/lua-language-server/meta/Lua%205.4%20en-us%20utf8/debug.lua , size = 7.637 KB
[18:09:31.415][info] [#0:script\workspace\loading.lua:112]: ++++As library of:	file:///c%3A/Users/ASUS/AppData/Local/nvim-data/mason/packages/lua-language-server/meta/Lua%205.4%20en-us%20utf8/debug.lua
[18:09:31.415][info] [#0:script\workspace\loading.lua:100]: Preload file at: file:///c%3A/Users/ASUS/AppData/Local/nvim-data/mason/packages/lua-language-server/meta/Lua%205.4%20en-us%20utf8/coroutine.lua , size = 2.590 KB
[18:09:31.416][info] [#0:script\workspace\loading.lua:112]: ++++As library of:	file:///c%3A/Users/ASUS/AppData/Local/nvim-data/mason/packages/lua-language-server/meta/Lua%205.4%20en-us%20utf8/coroutine.lua
[18:09:31.416][info] [#0:script\workspace\loading.lua:100]: Preload file at: file:///c%3A/Users/ASUS/AppData/Local/nvim-data/mason/packages/lua-language-server/meta/Lua%205.4%20en-us%20utf8/math.lua , size = 8.509 KB
[18:09:31.419][info] [#0:script\workspace\loading.lua:112]: ++++As library of:	file:///c%3A/Users/ASUS/AppData/Local/nvim-data/mason/packages/lua-language-server/meta/Lua%205.4%20en-us%20utf8/math.lua
[18:09:31.419][info] [#0:script\workspace\loading.lua:100]: Preload file at: file:///c%3A/Users/ASUS/AppData/Local/nvim-data/mason/packages/lua-language-server/meta/Lua%205.4%20en-us%20utf8/os.lua , size = 5.600 KB
[18:09:31.420][info] [#0:script\workspace\loading.lua:112]: ++++As library of:	file:///c%3A/Users/ASUS/AppData/Local/nvim-data/mason/packages/lua-language-server/meta/Lua%205.4%20en-us%20utf8/os.lua
[18:09:31.420][info] [#0:script\workspace\loading.lua:100]: Preload file at: file:///c%3A/Users/ASUS/AppData/Local/nvim-data/mason/packages/lua-language-server/meta/Lua%205.4%20en-us%20utf8/builtin.lua , size = 0.302 KB
[18:09:31.421][info] [#0:script\workspace\loading.lua:112]: ++++As library of:	file:///c%3A/Users/ASUS/AppData/Local/nvim-data/mason/packages/lua-language-server/meta/Lua%205.4%20en-us%20utf8/builtin.lua
[18:09:31.421][info] [#0:script\workspace\loading.lua:100]: Preload file at: file:///c%3A/Program%20Files/Neovim/share/nvim/runtime/lua/vim/lsp/_meta/protocol.lua , size = 180.502 KB
[18:09:31.459][info] [#0:script\workspace\loading.lua:112]: ++++As library of:	file:///c%3A/Program%20Files/Neovim/share/nvim/runtime/lua/vim/lsp
[18:09:31.459][info] [#0:script\workspace\loading.lua:100]: Preload file at: file:///c%3A/Users/ASUS/AppData/Local/nvim-data/mason/packages/lua-language-server/meta/3rd/luv/library/errors.lua , size = 15.420 KB
[18:09:31.462][info] [#0:script\workspace\loading.lua:112]: ++++As library of:	file:///c%3A/Users/ASUS/AppData/Local/nvim-data/mason/packages/lua-language-server/meta/3rd/luv/library
[18:09:31.462][info] [#0:script\workspace\loading.lua:100]: Preload file at: file:///c%3A/Users/ASUS/AppData/Local/nvim-data/mason/packages/lua-language-server/meta/3rd/luv/library/luv_dir_t.lua , size = 1.088 KB
[18:09:31.462][info] [#0:script\workspace\loading.lua:112]: ++++As library of:	file:///c%3A/Users/ASUS/AppData/Local/nvim-data/mason/packages/lua-language-server/meta/3rd/luv/library
[18:09:31.462][info] [#0:script\workspace\loading.lua:100]: Preload file at: file:///c%3A/Users/ASUS/AppData/Local/nvim-data/mason/packages/lua-language-server/meta/3rd/luv/library/luv_thread_t.lua , size = 0.519 KB
[18:09:31.463][info] [#0:script\workspace\loading.lua:112]: ++++As library of:	file:///c%3A/Users/ASUS/AppData/Local/nvim-data/mason/packages/lua-language-server/meta/3rd/luv/library
[18:09:31.463][info] [#0:script\workspace\loading.lua:100]: Preload file at: file:///c%3A/Users/ASUS/AppData/Local/nvim-data/mason/packages/lua-language-server/meta/3rd/luv/library/luv_work_ctx_t.lua , size = 0.546 KB
[18:09:31.463][info] [#0:script\workspace\loading.lua:112]: ++++As library of:	file:///c%3A/Users/ASUS/AppData/Local/nvim-data/mason/packages/lua-language-server/meta/3rd/luv/library
[18:09:31.463][info] [#0:script\workspace\loading.lua:100]: Preload file at: file:///c%3A/Users/ASUS/AppData/Local/nvim-data/mason/packages/lua-language-server/meta/3rd/luv/library/types.lua , size = 17.645 KB
[18:09:31.468][info] [#0:script\workspace\loading.lua:112]: ++++As library of:	file:///c%3A/Users/ASUS/AppData/Local/nvim-data/mason/packages/lua-language-server/meta/3rd/luv/library
[18:09:31.468][info] [#0:script\workspace\loading.lua:100]: Preload file at: file:///c%3A/Users/ASUS/AppData/Local/nvim-data/mason/packages/lua-language-server/meta/3rd/luv/library/uv_async_t.lua , size = 1.091 KB
[18:09:31.469][info] [#0:script\workspace\loading.lua:112]: ++++As library of:	file:///c%3A/Users/ASUS/AppData/Local/nvim-data/mason/packages/lua-language-server/meta/3rd/luv/library
[18:09:31.469][info] [#0:script\workspace\loading.lua:100]: Preload file at: file:///c%3A/Users/ASUS/AppData/Local/nvim-data/mason/packages/lua-language-server/meta/3rd/luv/library/uv.lua , size = 101.130 KB
[18:09:31.491][info] [#0:script\workspace\loading.lua:112]: ++++As library of:	file:///c%3A/Users/ASUS/AppData/Local/nvim-data/mason/packages/lua-language-server/meta/3rd/luv/library
[18:09:31.491][info] [#0:script\workspace\loading.lua:100]: Preload file at: file:///c%3A/Users/ASUS/AppData/Local/nvim-data/mason/packages/lua-language-server/meta/3rd/luv/library/uv_fs_event_t.lua , size = 1.064 KB
[18:09:31.491][info] [#0:script\workspace\loading.lua:112]: ++++As library of:	file:///c%3A/Users/ASUS/AppData/Local/nvim-data/mason/packages/lua-language-server/meta/3rd/luv/library
[18:09:31.491][info] [#0:script\workspace\loading.lua:100]: Preload file at: file:///c%3A/Users/ASUS/AppData/Local/nvim-data/mason/packages/lua-language-server/meta/3rd/luv/library/uv_fs_poll_t.lua , size = 1.173 KB
[18:09:31.492][info] [#0:script\workspace\loading.lua:112]: ++++As library of:	file:///c%3A/Users/ASUS/AppData/Local/nvim-data/mason/packages/lua-language-server/meta/3rd/luv/library
[18:09:31.492][info] [#0:script\workspace\loading.lua:100]: Preload file at: file:///c%3A/Users/ASUS/AppData/Local/nvim-data/mason/packages/lua-language-server/meta/3rd/luv/library/uv_check_t.lua , size = 0.722 KB
[18:09:31.492][info] [#0:script\workspace\loading.lua:112]: ++++As library of:	file:///c%3A/Users/ASUS/AppData/Local/nvim-data/mason/packages/lua-language-server/meta/3rd/luv/library
[18:09:31.492][info] [#0:script\workspace\loading.lua:100]: Preload file at: file:///c%3A/Users/ASUS/AppData/Local/nvim-data/mason/packages/lua-language-server/meta/3rd/luv/library/uv_handle_t.lua , size = 5.257 KB
[18:09:31.494][info] [#0:script\workspace\loading.lua:112]: ++++As library of:	file:///c%3A/Users/ASUS/AppData/Local/nvim-data/mason/packages/lua-language-server/meta/3rd/luv/library
[18:09:31.494][info] [#0:script\workspace\loading.lua:100]: Preload file at: file:///c%3A/Users/ASUS/AppData/Local/nvim-data/mason/packages/lua-language-server/meta/3rd/luv/library/uv_idle_t.lua , size = 1.110 KB
[18:09:31.494][info] [#0:script\workspace\loading.lua:112]: ++++As library of:	file:///c%3A/Users/ASUS/AppData/Local/nvim-data/mason/packages/lua-language-server/meta/3rd/luv/library
[18:09:31.494][info] [#0:script\workspace\loading.lua:100]: Preload file at: file:///c%3A/Users/ASUS/AppData/Local/nvim-data/mason/packages/lua-language-server/meta/3rd/luv/library/uv_poll_t.lua , size = 2.700 KB
[18:09:31.495][info] [#0:script\workspace\loading.lua:112]: ++++As library of:	file:///c%3A/Users/ASUS/AppData/Local/nvim-data/mason/packages/lua-language-server/meta/3rd/luv/library
[18:09:31.495][info] [#0:script\workspace\loading.lua:100]: Preload file at: file:///c%3A/Users/ASUS/AppData/Local/nvim-data/mason/packages/lua-language-server/meta/3rd/luv/library/uv_pipe_t.lua , size = 3.088 KB
[18:09:31.495][info] [#0:script\workspace\loading.lua:112]: ++++As library of:	file:///c%3A/Users/ASUS/AppData/Local/nvim-data/mason/packages/lua-language-server/meta/3rd/luv/library
[18:09:31.495][info] [#0:script\workspace\loading.lua:100]: Preload file at: file:///c%3A/Users/ASUS/AppData/Local/nvim-data/mason/packages/lua-language-server/meta/3rd/luv/library/uv_prepare_t.lua , size = 0.744 KB
[18:09:31.496][info] [#0:script\workspace\loading.lua:112]: ++++As library of:	file:///c%3A/Users/ASUS/AppData/Local/nvim-data/mason/packages/lua-language-server/meta/3rd/luv/library
[18:09:31.496][info] [#0:script\workspace\loading.lua:100]: Preload file at: file:///c%3A/Users/ASUS/AppData/Local/nvim-data/mason/packages/lua-language-server/meta/3rd/luv/library/uv_req_t.lua , size = 0.729 KB
[18:09:31.496][info] [#0:script\workspace\loading.lua:112]: ++++As library of:	file:///c%3A/Users/ASUS/AppData/Local/nvim-data/mason/packages/lua-language-server/meta/3rd/luv/library
[18:09:31.496][info] [#0:script\workspace\loading.lua:100]: Preload file at: file:///c%3A/Users/ASUS/AppData/Local/nvim-data/mason/packages/lua-language-server/meta/3rd/luv/library/uv_signal_t.lua , size = 3.063 KB
[18:09:31.497][info] [#0:script\workspace\loading.lua:112]: ++++As library of:	file:///c%3A/Users/ASUS/AppData/Local/nvim-data/mason/packages/lua-language-server/meta/3rd/luv/library
[18:09:31.497][info] [#0:script\workspace\loading.lua:100]: Preload file at: file:///c%3A/Users/ASUS/AppData/Local/nvim-data/mason/packages/lua-language-server/meta/3rd/luv/library/uv_process_t.lua , size = 0.638 KB
[18:09:31.497][info] [#0:script\workspace\loading.lua:112]: ++++As library of:	file:///c%3A/Users/ASUS/AppData/Local/nvim-data/mason/packages/lua-language-server/meta/3rd/luv/library
[18:09:31.497][info] [#0:script\workspace\loading.lua:100]: Preload file at: file:///c%3A/Users/ASUS/AppData/Local/nvim-data/mason/packages/lua-language-server/meta/3rd/luv/library/uv_stream_t.lua , size = 6.074 KB
[18:09:31.499][info] [#0:script\workspace\loading.lua:112]: ++++As library of:	file:///c%3A/Users/ASUS/AppData/Local/nvim-data/mason/packages/lua-language-server/meta/3rd/luv/library
[18:09:31.499][info] [#0:script\workspace\loading.lua:100]: Preload file at: file:///c%3A/Users/ASUS/AppData/Local/nvim-data/mason/packages/lua-language-server/meta/3rd/luv/library/uv_timer_t.lua , size = 2.052 KB
[18:09:31.499][info] [#0:script\workspace\loading.lua:112]: ++++As library of:	file:///c%3A/Users/ASUS/AppData/Local/nvim-data/mason/packages/lua-language-server/meta/3rd/luv/library
[18:09:31.499][info] [#0:script\workspace\loading.lua:100]: Preload file at: file:///c%3A/Users/ASUS/AppData/Local/nvim-data/mason/packages/lua-language-server/meta/3rd/luv/library/uv_tcp_t.lua , size = 4.031 KB
[18:09:31.501][info] [#0:script\workspace\loading.lua:112]: ++++As library of:	file:///c%3A/Users/ASUS/AppData/Local/nvim-data/mason/packages/lua-language-server/meta/3rd/luv/library
[18:09:31.501][info] [#0:script\workspace\loading.lua:100]: Preload file at: file:///c%3A/Users/ASUS/AppData/Local/nvim-data/mason/packages/lua-language-server/meta/3rd/luv/library/uv_tty_t.lua , size = 1.177 KB
[18:09:31.501][info] [#0:script\workspace\loading.lua:112]: ++++As library of:	file:///c%3A/Users/ASUS/AppData/Local/nvim-data/mason/packages/lua-language-server/meta/3rd/luv/library
[18:09:31.501][info] [#0:script\workspace\loading.lua:100]: Preload file at: file:///c%3A/Users/ASUS/AppData/Local/nvim-data/mason/packages/lua-language-server/meta/3rd/luv/library/uv_udp_t.lua , size = 6.140 KB
[18:09:31.515][info] [#0:script\workspace\loading.lua:112]: ++++As library of:	file:///c%3A/Users/ASUS/AppData/Local/nvim-data/mason/packages/lua-language-server/meta/3rd/luv/library
[18:09:31.515][info] [#0:script\workspace\loading.lua:100]: Preload file at: file:///c%3A/Users/ASUS/AppData/Local/nvim-data/mason/packages/lua-language-server/meta/Lua%205.4%20en-us%20utf8/io.lua , size = 6.364 KB
[18:09:31.517][info] [#0:script\workspace\loading.lua:112]: ++++As library of:	file:///c%3A/Users/ASUS/AppData/Local/nvim-data/mason/packages/lua-language-server/meta/Lua%205.4%20en-us%20utf8/io.lua
[18:09:31.517][info] [#0:script\workspace\loading.lua:100]: Preload file at: file:///c%3A/Users/ASUS/AppData/Local/nvim-data/mason/packages/lua-language-server/meta/Lua%205.4%20en-us%20utf8/utf8.lua , size = 2.386 KB
[18:09:31.518][info] [#0:script\workspace\loading.lua:112]: ++++As library of:	file:///c%3A/Users/ASUS/AppData/Local/nvim-data/mason/packages/lua-language-server/meta/Lua%205.4%20en-us%20utf8/utf8.lua
[18:09:31.518][info] [#0:script\workspace\loading.lua:100]: Preload file at: file:///c%3A/Program%20Files/Neovim/share/nvim/runtime/lua/coxpcall.lua , size = 3.557 KB
[18:09:31.519][info] [#0:script\workspace\loading.lua:112]: ++++As library of:	file:///c%3A/Program%20Files/Neovim/share/nvim/runtime/lua
[18:09:31.519][info] [#0:script\workspace\loading.lua:100]: Preload file at: file:///c%3A/Program%20Files/Neovim/share/nvim/runtime/lua/editorconfig.lua , size = 10.760 KB
[18:09:31.521][info] [#0:script\workspace\loading.lua:112]: ++++As library of:	file:///c%3A/Program%20Files/Neovim/share/nvim/runtime/lua
[18:09:31.521][info] [#0:script\workspace\loading.lua:100]: Preload file at: file:///c%3A/Program%20Files/Neovim/share/nvim/runtime/lua/jit/bc.lua , size = 5.417 KB
[18:09:31.523][info] [#0:script\workspace\loading.lua:112]: ++++As library of:	file:///c%3A/Program%20Files/Neovim/share/nvim/runtime/lua
[18:09:31.523][info] [#0:script\workspace\loading.lua:100]: Preload file at: file:///c%3A/Program%20Files/Neovim/share/nvim/runtime/lua/jit/bcsave.lua , size = 17.091 KB
[18:09:31.529][info] [#0:script\workspace\loading.lua:112]: ++++As library of:	file:///c%3A/Program%20Files/Neovim/share/nvim/runtime/lua
[18:09:31.529][info] [#0:script\workspace\loading.lua:100]: Preload file at: file:///c%3A/Program%20Files/Neovim/share/nvim/runtime/lua/jit/dis_arm.lua , size = 18.891 KB
[18:09:31.535][info] [#0:script\workspace\loading.lua:112]: ++++As library of:	file:///c%3A/Program%20Files/Neovim/share/nvim/runtime/lua
[18:09:31.535][info] [#0:script\workspace\loading.lua:100]: Preload file at: file:///c%3A/Program%20Files/Neovim/share/nvim/runtime/lua/jit/dis_arm64.lua , size = 29.441 KB
[18:09:31.546][info] [#0:script\workspace\loading.lua:112]: ++++As library of:	file:///c%3A/Program%20Files/Neovim/share/nvim/runtime/lua
[18:09:31.546][info] [#0:script\workspace\loading.lua:100]: Preload file at: file:///c%3A/Program%20Files/Neovim/share/nvim/runtime/lua/jit/dis_arm64be.lua , size = 0.604 KB
[18:09:31.547][info] [#0:script\workspace\loading.lua:112]: ++++As library of:	file:///c%3A/Program%20Files/Neovim/share/nvim/runtime/lua
[18:09:31.547][info] [#0:script\workspace\loading.lua:100]: Preload file at: file:///c%3A/Program%20Files/Neovim/share/nvim/runtime/lua/jit/dis_mips.lua , size = 21.494 KB
[18:09:31.553][info] [#0:script\workspace\loading.lua:112]: ++++As library of:	file:///c%3A/Program%20Files/Neovim/share/nvim/runtime/lua
[18:09:31.553][info] [#0:script\workspace\loading.lua:100]: Preload file at: file:///c%3A/Program%20Files/Neovim/share/nvim/runtime/lua/jit/dis_mips64el.lua , size = 0.700 KB
[18:09:31.554][info] [#0:script\workspace\loading.lua:112]: ++++As library of:	file:///c%3A/Program%20Files/Neovim/share/nvim/runtime/lua
[18:09:31.554][info] [#0:script\workspace\loading.lua:100]: Preload file at: file:///c%3A/Program%20Files/Neovim/share/nvim/runtime/lua/jit/dis_mips64.lua , size = 0.689 KB
[18:09:31.554][info] [#0:script\workspace\loading.lua:112]: ++++As library of:	file:///c%3A/Program%20Files/Neovim/share/nvim/runtime/lua
[18:09:31.554][info] [#0:script\workspace\loading.lua:100]: Preload file at: file:///c%3A/Program%20Files/Neovim/share/nvim/runtime/lua/jit/dis_mips64r6.lua , size = 0.700 KB
[18:09:31.554][info] [#0:script\workspace\loading.lua:112]: ++++As library of:	file:///c%3A/Program%20Files/Neovim/share/nvim/runtime/lua
[18:09:31.554][info] [#0:script\workspace\loading.lua:100]: Preload file at: file:///c%3A/Program%20Files/Neovim/share/nvim/runtime/lua/jit/dis_mips64r6el.lua , size = 0.711 KB
[18:09:31.554][info] [#0:script\workspace\loading.lua:112]: ++++As library of:	file:///c%3A/Program%20Files/Neovim/share/nvim/runtime/lua
[18:09:31.554][info] [#0:script\workspace\loading.lua:100]: Preload file at: file:///c%3A/Program%20Files/Neovim/share/nvim/runtime/lua/jit/dis_mipsel.lua , size = 0.698 KB
[18:09:31.554][info] [#0:script\workspace\loading.lua:112]: ++++As library of:	file:///c%3A/Program%20Files/Neovim/share/nvim/runtime/lua
[18:09:31.554][info] [#0:script\workspace\loading.lua:100]: Preload file at: file:///c%3A/Program%20Files/Neovim/share/nvim/runtime/lua/jit/dis_x64.lua , size = 0.695 KB
[18:09:31.555][info] [#0:script\workspace\loading.lua:112]: ++++As library of:	file:///c%3A/Program%20Files/Neovim/share/nvim/runtime/lua
[18:09:31.555][info] [#0:script\workspace\loading.lua:100]: Preload file at: file:///c%3A/Program%20Files/Neovim/share/nvim/runtime/lua/jit/dis_ppc.lua , size = 19.825 KB
[18:09:31.561][info] [#0:script\workspace\loading.lua:112]: ++++As library of:	file:///c%3A/Program%20Files/Neovim/share/nvim/runtime/lua
[18:09:31.561][info] [#0:script\workspace\loading.lua:100]: Preload file at: file:///c%3A/Program%20Files/Neovim/share/nvim/runtime/lua/jit/dis_x86.lua , size = 33.033 KB
[18:09:31.571][info] [#0:script\workspace\loading.lua:112]: ++++As library of:	file:///c%3A/Program%20Files/Neovim/share/nvim/runtime/lua
[18:09:31.572][info] [#0:script\workspace\loading.lua:100]: Preload file at: file:///c%3A/Program%20Files/Neovim/share/nvim/runtime/lua/jit/p.lua , size = 8.891 KB
[18:09:31.575][info] [#0:script\workspace\loading.lua:112]: ++++As library of:	file:///c%3A/Program%20Files/Neovim/share/nvim/runtime/lua
[18:09:31.575][info] [#0:script\workspace\loading.lua:100]: Preload file at: file:///c%3A/Program%20Files/Neovim/share/nvim/runtime/lua/jit/dump.lua , size = 20.269 KB
[18:09:31.582][info] [#0:script\workspace\loading.lua:112]: ++++As library of:	file:///c%3A/Program%20Files/Neovim/share/nvim/runtime/lua
[18:09:31.582][info] [#0:script\workspace\loading.lua:100]: Preload file at: file:///c%3A/Program%20Files/Neovim/share/nvim/runtime/lua/jit/v.lua , size = 5.731 KB
[18:09:31.584][info] [#0:script\workspace\loading.lua:112]: ++++As library of:	file:///c%3A/Program%20Files/Neovim/share/nvim/runtime/lua
[18:09:31.584][info] [#0:script\workspace\loading.lua:100]: Preload file at: file:///c%3A/Program%20Files/Neovim/share/nvim/runtime/lua/jit/vmdef.lua , size = 8.307 KB
[18:09:31.585][info] [#0:script\workspace\loading.lua:112]: ++++As library of:	file:///c%3A/Program%20Files/Neovim/share/nvim/runtime/lua
[18:09:31.585][info] [#0:script\workspace\loading.lua:100]: Preload file at: file:///c%3A/Program%20Files/Neovim/share/nvim/runtime/lua/jit/zone.lua , size = 0.979 KB
[18:09:31.585][info] [#0:script\workspace\loading.lua:112]: ++++As library of:	file:///c%3A/Program%20Files/Neovim/share/nvim/runtime/lua
[18:09:31.585][info] [#0:script\workspace\loading.lua:100]: Preload file at: file:///c%3A/Program%20Files/Neovim/share/nvim/runtime/lua/man.lua , size = 24.342 KB
[18:09:31.593][info] [#0:script\workspace\loading.lua:112]: ++++As library of:	file:///c%3A/Program%20Files/Neovim/share/nvim/runtime/lua
[18:09:31.593][info] [#0:script\workspace\loading.lua:100]: Preload file at: file:///c%3A/Program%20Files/Neovim/share/nvim/runtime/lua/nvim/health.lua , size = 12.908 KB
[18:09:31.597][info] [#0:script\workspace\loading.lua:112]: ++++As library of:	file:///c%3A/Program%20Files/Neovim/share/nvim/runtime/lua
[18:09:31.597][info] [#0:script\workspace\loading.lua:100]: Preload file at: file:///c%3A/Program%20Files/Neovim/share/nvim/runtime/lua/provider/clipboard/health.lua , size = 1.189 KB
[18:09:31.597][info] [#0:script\workspace\loading.lua:112]: ++++As library of:	file:///c%3A/Program%20Files/Neovim/share/nvim/runtime/lua
[18:09:31.597][info] [#0:script\workspace\loading.lua:100]: Preload file at: file:///c%3A/Program%20Files/Neovim/share/nvim/runtime/lua/provider/node/health.lua , size = 3.481 KB
[18:09:31.598][info] [#0:script\workspace\loading.lua:112]: ++++As library of:	file:///c%3A/Program%20Files/Neovim/share/nvim/runtime/lua
[18:09:31.598][info] [#0:script\workspace\loading.lua:100]: Preload file at: file:///c%3A/Program%20Files/Neovim/share/nvim/runtime/lua/provider/perl/health.lua , size = 2.840 KB
[18:09:31.599][info] [#0:script\workspace\loading.lua:112]: ++++As library of:	file:///c%3A/Program%20Files/Neovim/share/nvim/runtime/lua
[18:09:31.599][info] [#0:script\workspace\loading.lua:100]: Preload file at: file:///c%3A/Program%20Files/Neovim/share/nvim/runtime/lua/provider/python/health.lua , size = 16.559 KB
[18:09:31.603][info] [#0:script\workspace\loading.lua:112]: ++++As library of:	file:///c%3A/Program%20Files/Neovim/share/nvim/runtime/lua
[18:09:31.603][info] [#0:script\workspace\loading.lua:100]: Preload file at: file:///c%3A/Program%20Files/Neovim/share/nvim/runtime/lua/provider/ruby/health.lua , size = 2.278 KB
[18:09:31.604][info] [#0:script\workspace\loading.lua:112]: ++++As library of:	file:///c%3A/Program%20Files/Neovim/share/nvim/runtime/lua
[18:09:31.604][info] [#0:script\workspace\loading.lua:100]: Preload file at: file:///c%3A/Program%20Files/Neovim/share/nvim/runtime/lua/tohtml.lua , size = 43.796 KB
[18:09:31.638][info] [#0:script\workspace\loading.lua:112]: ++++As library of:	file:///c%3A/Program%20Files/Neovim/share/nvim/runtime/lua
[18:09:31.638][info] [#0:script\workspace\loading.lua:100]: Preload file at: file:///c%3A/Program%20Files/Neovim/share/nvim/runtime/lua/vim/F.lua , size = 1.136 KB
[18:09:31.639][info] [#0:script\workspace\loading.lua:112]: ++++As library of:	file:///c%3A/Program%20Files/Neovim/share/nvim/runtime/lua
[18:09:31.639][info] [#0:script\workspace\loading.lua:100]: Preload file at: file:///c%3A/Program%20Files/Neovim/share/nvim/runtime/lua/vim/diagnostic.lua , size = 71.238 KB
[18:09:31.660][info] [#0:script\workspace\loading.lua:112]: ++++As library of:	file:///c%3A/Program%20Files/Neovim/share/nvim/runtime/lua
[18:09:31.660][info] [#0:script\workspace\loading.lua:100]: Preload file at: file:///c%3A/Program%20Files/Neovim/share/nvim/runtime/lua/vim/filetype/options.lua , size = 2.645 KB
[18:09:31.661][info] [#0:script\workspace\loading.lua:112]: ++++As library of:	file:///c%3A/Program%20Files/Neovim/share/nvim/runtime/lua
[18:09:31.661][info] [#0:script\workspace\loading.lua:100]: Preload file at: file:///c%3A/Program%20Files/Neovim/share/nvim/runtime/lua/vim/filetype/detect.lua , size = 59.135 KB
[18:09:31.678][info] [#0:script\workspace\loading.lua:112]: ++++As library of:	file:///c%3A/Program%20Files/Neovim/share/nvim/runtime/lua
[18:09:31.678][info] [#0:script\workspace\loading.lua:100]: Preload file at: file:///c%3A/Program%20Files/Neovim/share/nvim/runtime/lua/vim/fs.lua , size = 19.160 KB
[18:09:31.683][info] [#0:script\workspace\loading.lua:112]: ++++As library of:	file:///c%3A/Program%20Files/Neovim/share/nvim/runtime/lua
[18:09:31.684][info] [#0:script\workspace\loading.lua:100]: Preload file at: file:///c%3A/Program%20Files/Neovim/share/nvim/runtime/lua/vim/filetype.lua , size = 71.103 KB
[18:09:31.700][info] [#0:script\workspace\loading.lua:112]: ++++As library of:	file:///c%3A/Program%20Files/Neovim/share/nvim/runtime/lua
[18:09:31.700][info] [#0:script\workspace\loading.lua:100]: Preload file at: file:///c%3A/Program%20Files/Neovim/share/nvim/runtime/lua/vim/func/_memoize.lua , size = 1.416 KB
[18:09:31.701][info] [#0:script\workspace\loading.lua:112]: ++++As library of:	file:///c%3A/Program%20Files/Neovim/share/nvim/runtime/lua
[18:09:31.701][info] [#0:script\workspace\loading.lua:100]: Preload file at: file:///c%3A/Program%20Files/Neovim/share/nvim/runtime/lua/vim/func.lua , size = 1.794 KB
[18:09:31.702][info] [#0:script\workspace\loading.lua:112]: ++++As library of:	file:///c%3A/Program%20Files/Neovim/share/nvim/runtime/lua
[18:09:31.702][info] [#0:script\workspace\loading.lua:100]: Preload file at: file:///c%3A/Program%20Files/Neovim/share/nvim/runtime/lua/vim/glob.lua , size = 3.083 KB
[18:09:31.703][info] [#0:script\workspace\loading.lua:112]: ++++As library of:	file:///c%3A/Program%20Files/Neovim/share/nvim/runtime/lua
[18:09:31.703][info] [#0:script\workspace\loading.lua:100]: Preload file at: file:///c%3A/Program%20Files/Neovim/share/nvim/runtime/lua/vim/highlight.lua , size = 4.673 KB
[18:09:31.704][info] [#0:script\workspace\loading.lua:112]: ++++As library of:	file:///c%3A/Program%20Files/Neovim/share/nvim/runtime/lua
[18:09:31.704][info] [#0:script\workspace\loading.lua:100]: Preload file at: file:///c%3A/Program%20Files/Neovim/share/nvim/runtime/lua/vim/inspect.lua , size = 9.234 KB
[18:09:31.707][info] [#0:script\workspace\loading.lua:112]: ++++As library of:	file:///c%3A/Program%20Files/Neovim/share/nvim/runtime/lua
[18:09:31.707][info] [#0:script\workspace\loading.lua:100]: Preload file at: file:///c%3A/Program%20Files/Neovim/share/nvim/runtime/lua/vim/health.lua , size = 13.097 KB
[18:09:31.712][info] [#0:script\workspace\loading.lua:112]: ++++As library of:	file:///c%3A/Program%20Files/Neovim/share/nvim/runtime/lua
[18:09:31.712][info] [#0:script\workspace\loading.lua:100]: Preload file at: file:///c%3A/Program%20Files/Neovim/share/nvim/runtime/lua/vim/keymap.lua , size = 3.816 KB
[18:09:31.713][info] [#0:script\workspace\loading.lua:112]: ++++As library of:	file:///c%3A/Program%20Files/Neovim/share/nvim/runtime/lua
[18:09:31.713][info] [#0:script\workspace\loading.lua:100]: Preload file at: file:///c%3A/Program%20Files/Neovim/share/nvim/runtime/lua/vim/iter.lua , size = 26.567 KB
[18:09:31.722][info] [#0:script\workspace\loading.lua:112]: ++++As library of:	file:///c%3A/Program%20Files/Neovim/share/nvim/runtime/lua
[18:09:31.722][info] [#0:script\workspace\loading.lua:88]: Skip loaded file: file:///c%3A/Program%20Files/Neovim/share/nvim/runtime/lua/vim/lsp/buf.lua
[18:09:31.722][info] [#0:script\workspace\loading.lua:112]: ++++As library of:	file:///c%3A/Program%20Files/Neovim/share/nvim/runtime/lua
[18:09:31.723][info] [#0:script\workspace\loading.lua:88]: Skip loaded file: file:///c%3A/Program%20Files/Neovim/share/nvim/runtime/lua/vim/lsp/client.lua
[18:09:31.723][info] [#0:script\workspace\loading.lua:112]: ++++As library of:	file:///c%3A/Program%20Files/Neovim/share/nvim/runtime/lua
[18:09:31.723][info] [#0:script\workspace\loading.lua:88]: Skip loaded file: file:///c%3A/Program%20Files/Neovim/share/nvim/runtime/lua/vim/lsp/codelens.lua
[18:09:31.723][info] [#0:script\workspace\loading.lua:112]: ++++As library of:	file:///c%3A/Program%20Files/Neovim/share/nvim/runtime/lua
[18:09:31.723][info] [#0:script\workspace\loading.lua:88]: Skip loaded file: file:///c%3A/Program%20Files/Neovim/share/nvim/runtime/lua/vim/lsp/diagnostic.lua
[18:09:31.723][info] [#0:script\workspace\loading.lua:112]: ++++As library of:	file:///c%3A/Program%20Files/Neovim/share/nvim/runtime/lua
[18:09:31.723][info] [#0:script\workspace\loading.lua:88]: Skip loaded file: file:///c%3A/Program%20Files/Neovim/share/nvim/runtime/lua/vim/lsp/handlers.lua
[18:09:31.723][info] [#0:script\workspace\loading.lua:112]: ++++As library of:	file:///c%3A/Program%20Files/Neovim/share/nvim/runtime/lua
[18:09:31.723][info] [#0:script\workspace\loading.lua:100]: Preload file at: file:///c%3A/Program%20Files/Neovim/share/nvim/runtime/lua/vim/loader.lua , size = 16.370 KB
[18:09:31.729][info] [#0:script\workspace\loading.lua:112]: ++++As library of:	file:///c%3A/Program%20Files/Neovim/share/nvim/runtime/lua
[18:09:31.729][info] [#0:script\workspace\loading.lua:88]: Skip loaded file: file:///c%3A/Program%20Files/Neovim/share/nvim/runtime/lua/vim/lsp/health.lua
[18:09:31.729][info] [#0:script\workspace\loading.lua:112]: ++++As library of:	file:///c%3A/Program%20Files/Neovim/share/nvim/runtime/lua
[18:09:31.729][info] [#0:script\workspace\loading.lua:88]: Skip loaded file: file:///c%3A/Program%20Files/Neovim/share/nvim/runtime/lua/vim/lsp/inlay_hint.lua
[18:09:31.729][info] [#0:script\workspace\loading.lua:112]: ++++As library of:	file:///c%3A/Program%20Files/Neovim/share/nvim/runtime/lua
[18:09:31.729][info] [#0:script\workspace\loading.lua:88]: Skip loaded file: file:///c%3A/Program%20Files/Neovim/share/nvim/runtime/lua/vim/lsp/log.lua
[18:09:31.729][info] [#0:script\workspace\loading.lua:112]: ++++As library of:	file:///c%3A/Program%20Files/Neovim/share/nvim/runtime/lua
[18:09:31.729][info] [#0:script\workspace\loading.lua:88]: Skip loaded file: file:///c%3A/Program%20Files/Neovim/share/nvim/runtime/lua/vim/lsp/protocol.lua
[18:09:31.729][info] [#0:script\workspace\loading.lua:112]: ++++As library of:	file:///c%3A/Program%20Files/Neovim/share/nvim/runtime/lua
[18:09:31.729][info] [#0:script\workspace\loading.lua:88]: Skip loaded file: file:///c%3A/Program%20Files/Neovim/share/nvim/runtime/lua/vim/lsp/rpc.lua
[18:09:31.729][info] [#0:script\workspace\loading.lua:112]: ++++As library of:	file:///c%3A/Program%20Files/Neovim/share/nvim/runtime/lua
[18:09:31.729][info] [#0:script\workspace\loading.lua:88]: Skip loaded file: file:///c%3A/Program%20Files/Neovim/share/nvim/runtime/lua/vim/lsp/semantic_tokens.lua
[18:09:31.729][info] [#0:script\workspace\loading.lua:112]: ++++As library of:	file:///c%3A/Program%20Files/Neovim/share/nvim/runtime/lua
[18:09:31.729][info] [#0:script\workspace\loading.lua:88]: Skip loaded file: file:///c%3A/Program%20Files/Neovim/share/nvim/runtime/lua/vim/lsp/sync.lua
[18:09:31.729][info] [#0:script\workspace\loading.lua:112]: ++++As library of:	file:///c%3A/Program%20Files/Neovim/share/nvim/runtime/lua
[18:09:31.729][info] [#0:script\workspace\loading.lua:88]: Skip loaded file: file:///c%3A/Program%20Files/Neovim/share/nvim/runtime/lua/vim/lsp/util.lua
[18:09:31.729][info] [#0:script\workspace\loading.lua:112]: ++++As library of:	file:///c%3A/Program%20Files/Neovim/share/nvim/runtime/lua
[18:09:31.729][info] [#0:script\workspace\loading.lua:88]: Skip loaded file: file:///c%3A/Program%20Files/Neovim/share/nvim/runtime/lua/vim/lsp/_changetracking.lua
[18:09:31.729][info] [#0:script\workspace\loading.lua:112]: ++++As library of:	file:///c%3A/Program%20Files/Neovim/share/nvim/runtime/lua
[18:09:31.729][info] [#0:script\workspace\loading.lua:88]: Skip loaded file: file:///c%3A/Program%20Files/Neovim/share/nvim/runtime/lua/vim/lsp/_completion.lua
[18:09:31.729][info] [#0:script\workspace\loading.lua:112]: ++++As library of:	file:///c%3A/Program%20Files/Neovim/share/nvim/runtime/lua
[18:09:31.729][info] [#0:script\workspace\loading.lua:88]: Skip loaded file: file:///c%3A/Program%20Files/Neovim/share/nvim/runtime/lua/vim/lsp/_dynamic.lua
[18:09:31.729][info] [#0:script\workspace\loading.lua:112]: ++++As library of:	file:///c%3A/Program%20Files/Neovim/share/nvim/runtime/lua
[18:09:31.729][info] [#0:script\workspace\loading.lua:88]: Skip loaded file: file:///c%3A/Program%20Files/Neovim/share/nvim/runtime/lua/vim/lsp/_meta/protocol.lua
[18:09:31.729][info] [#0:script\workspace\loading.lua:112]: ++++As library of:	file:///c%3A/Program%20Files/Neovim/share/nvim/runtime/lua
[18:09:31.729][info] [#0:script\workspace\loading.lua:88]: Skip loaded file: file:///c%3A/Program%20Files/Neovim/share/nvim/runtime/lua/vim/lsp/_meta.lua
[18:09:31.729][info] [#0:script\workspace\loading.lua:112]: ++++As library of:	file:///c%3A/Program%20Files/Neovim/share/nvim/runtime/lua
[18:09:31.729][info] [#0:script\workspace\loading.lua:88]: Skip loaded file: file:///c%3A/Program%20Files/Neovim/share/nvim/runtime/lua/vim/lsp/_snippet_grammar.lua
[18:09:31.729][info] [#0:script\workspace\loading.lua:112]: ++++As library of:	file:///c%3A/Program%20Files/Neovim/share/nvim/runtime/lua
[18:09:31.729][info] [#0:script\workspace\loading.lua:88]: Skip loaded file: file:///c%3A/Program%20Files/Neovim/share/nvim/runtime/lua/vim/lsp/_tagfunc.lua
[18:09:31.729][info] [#0:script\workspace\loading.lua:112]: ++++As library of:	file:///c%3A/Program%20Files/Neovim/share/nvim/runtime/lua
[18:09:31.729][info] [#0:script\workspace\loading.lua:88]: Skip loaded file: file:///c%3A/Program%20Files/Neovim/share/nvim/runtime/lua/vim/lsp/_watchfiles.lua
[18:09:31.729][info] [#0:script\workspace\loading.lua:112]: ++++As library of:	file:///c%3A/Program%20Files/Neovim/share/nvim/runtime/lua
[18:09:31.729][info] [#0:script\workspace\loading.lua:100]: Preload file at: file:///c%3A/Program%20Files/Neovim/share/nvim/runtime/lua/vim/lsp.lua , size = 41.644 KB
[18:09:31.741][info] [#0:script\workspace\loading.lua:112]: ++++As library of:	file:///c%3A/Program%20Files/Neovim/share/nvim/runtime/lua
[18:09:31.741][info] [#0:script\workspace\loading.lua:100]: Preload file at: file:///c%3A/Program%20Files/Neovim/share/nvim/runtime/lua/vim/provider/python.lua , size = 4.370 KB
[18:09:31.743][info] [#0:script\workspace\loading.lua:112]: ++++As library of:	file:///c%3A/Program%20Files/Neovim/share/nvim/runtime/lua
[18:09:31.743][info] [#0:script\workspace\loading.lua:100]: Preload file at: file:///c%3A/Program%20Files/Neovim/share/nvim/runtime/lua/vim/provider/perl.lua , size = 2.062 KB
[18:09:31.744][info] [#0:script\workspace\loading.lua:112]: ++++As library of:	file:///c%3A/Program%20Files/Neovim/share/nvim/runtime/lua
[18:09:31.744][info] [#0:script\workspace\loading.lua:100]: Preload file at: file:///c%3A/Program%20Files/Neovim/share/nvim/runtime/lua/vim/provider/ruby.lua , size = 1.623 KB
[18:09:31.745][info] [#0:script\workspace\loading.lua:112]: ++++As library of:	file:///c%3A/Program%20Files/Neovim/share/nvim/runtime/lua
[18:09:31.745][info] [#0:script\workspace\loading.lua:100]: Preload file at: file:///c%3A/Program%20Files/Neovim/share/nvim/runtime/lua/vim/provider.lua , size = 0.204 KB
[18:09:31.745][info] [#0:script\workspace\loading.lua:112]: ++++As library of:	file:///c%3A/Program%20Files/Neovim/share/nvim/runtime/lua
[18:09:31.745][info] [#0:script\workspace\loading.lua:100]: Preload file at: file:///c%3A/Program%20Files/Neovim/share/nvim/runtime/lua/vim/re.lua , size = 6.761 KB
[18:09:31.748][info] [#0:script\workspace\loading.lua:112]: ++++As library of:	file:///c%3A/Program%20Files/Neovim/share/nvim/runtime/lua
[18:09:31.748][info] [#0:script\workspace\loading.lua:100]: Preload file at: file:///c%3A/Program%20Files/Neovim/share/nvim/runtime/lua/vim/secure.lua , size = 5.208 KB
[18:09:31.750][info] [#0:script\workspace\loading.lua:112]: ++++As library of:	file:///c%3A/Program%20Files/Neovim/share/nvim/runtime/lua
[18:09:31.750][info] [#0:script\workspace\loading.lua:100]: Preload file at: file:///c%3A/Program%20Files/Neovim/share/nvim/runtime/lua/vim/shared.lua , size = 30.399 KB
[18:09:31.760][info] [#0:script\workspace\loading.lua:112]: ++++As library of:	file:///c%3A/Program%20Files/Neovim/share/nvim/runtime/lua
[18:09:31.760][info] [#0:script\workspace\loading.lua:100]: Preload file at: file:///c%3A/Program%20Files/Neovim/share/nvim/runtime/lua/vim/snippet.lua , size = 20.703 KB
[18:09:31.767][info] [#0:script\workspace\loading.lua:112]: ++++As library of:	file:///c%3A/Program%20Files/Neovim/share/nvim/runtime/lua
[18:09:31.767][info] [#0:script\workspace\loading.lua:100]: Preload file at: file:///c%3A/Program%20Files/Neovim/share/nvim/runtime/lua/vim/termcap.lua , size = 3.201 KB
[18:09:31.768][info] [#0:script\workspace\loading.lua:112]: ++++As library of:	file:///c%3A/Program%20Files/Neovim/share/nvim/runtime/lua
[18:09:31.768][info] [#0:script\workspace\loading.lua:100]: Preload file at: file:///c%3A/Program%20Files/Neovim/share/nvim/runtime/lua/vim/text.lua , size = 0.848 KB
[18:09:31.769][info] [#0:script\workspace\loading.lua:112]: ++++As library of:	file:///c%3A/Program%20Files/Neovim/share/nvim/runtime/lua
[18:09:31.769][info] [#0:script\workspace\loading.lua:100]: Preload file at: file:///c%3A/Program%20Files/Neovim/share/nvim/runtime/lua/vim/treesitter/dev.lua , size = 20.100 KB
[18:09:31.775][info] [#0:script\workspace\loading.lua:112]: ++++As library of:	file:///c%3A/Program%20Files/Neovim/share/nvim/runtime/lua
[18:09:31.775][info] [#0:script\workspace\loading.lua:100]: Preload file at: file:///c%3A/Program%20Files/Neovim/share/nvim/runtime/lua/vim/treesitter/health.lua , size = 0.889 KB
[18:09:31.776][info] [#0:script\workspace\loading.lua:112]: ++++As library of:	file:///c%3A/Program%20Files/Neovim/share/nvim/runtime/lua
[18:09:31.776][info] [#0:script\workspace\loading.lua:100]: Preload file at: file:///c%3A/Program%20Files/Neovim/share/nvim/runtime/lua/vim/treesitter/highlighter.lua , size = 12.217 KB
[18:09:31.811][info] [#0:script\workspace\loading.lua:112]: ++++As library of:	file:///c%3A/Program%20Files/Neovim/share/nvim/runtime/lua
[18:09:31.812][info] [#0:script\workspace\loading.lua:100]: Preload file at: file:///c%3A/Program%20Files/Neovim/share/nvim/runtime/lua/vim/treesitter/language.lua , size = 3.836 KB
[18:09:31.814][info] [#0:script\workspace\loading.lua:112]: ++++As library of:	file:///c%3A/Program%20Files/Neovim/share/nvim/runtime/lua
[18:09:31.814][info] [#0:script\workspace\loading.lua:100]: Preload file at: file:///c%3A/Program%20Files/Neovim/share/nvim/runtime/lua/vim/treesitter/languagetree.lua , size = 34.444 KB
[18:09:31.825][info] [#0:script\workspace\loading.lua:112]: ++++As library of:	file:///c%3A/Program%20Files/Neovim/share/nvim/runtime/lua
[18:09:31.825][info] [#0:script\workspace\loading.lua:100]: Preload file at: file:///c%3A/Program%20Files/Neovim/share/nvim/runtime/lua/vim/treesitter/_fold.lua , size = 14.502 KB
[18:09:31.829][info] [#0:script\workspace\loading.lua:112]: ++++As library of:	file:///c%3A/Program%20Files/Neovim/share/nvim/runtime/lua
[18:09:31.830][info] [#0:script\workspace\loading.lua:100]: Preload file at: file:///c%3A/Program%20Files/Neovim/share/nvim/runtime/lua/vim/treesitter/query.lua , size = 33.325 KB
[18:09:31.839][info] [#0:script\workspace\loading.lua:112]: ++++As library of:	file:///c%3A/Program%20Files/Neovim/share/nvim/runtime/lua
[18:09:31.839][info] [#0:script\workspace\loading.lua:100]: Preload file at: file:///c%3A/Program%20Files/Neovim/share/nvim/runtime/lua/vim/treesitter/_meta.lua , size = 4.593 KB
[18:09:31.841][info] [#0:script\workspace\loading.lua:112]: ++++As library of:	file:///c%3A/Program%20Files/Neovim/share/nvim/runtime/lua
[18:09:31.841][info] [#0:script\workspace\loading.lua:100]: Preload file at: file:///c%3A/Program%20Files/Neovim/share/nvim/runtime/lua/vim/treesitter/_query_linter.lua , size = 7.883 KB
[18:09:31.844][info] [#0:script\workspace\loading.lua:112]: ++++As library of:	file:///c%3A/Program%20Files/Neovim/share/nvim/runtime/lua
[18:09:31.844][info] [#0:script\workspace\loading.lua:100]: Preload file at: file:///c%3A/Program%20Files/Neovim/share/nvim/runtime/lua/vim/treesitter/_range.lua , size = 4.058 KB
[18:09:31.846][info] [#0:script\workspace\loading.lua:112]: ++++As library of:	file:///c%3A/Program%20Files/Neovim/share/nvim/runtime/lua
[18:09:31.846][info] [#0:script\workspace\loading.lua:100]: Preload file at: file:///c%3A/Program%20Files/Neovim/share/nvim/runtime/lua/vim/treesitter.lua , size = 14.494 KB
[18:09:31.851][info] [#0:script\workspace\loading.lua:112]: ++++As library of:	file:///c%3A/Program%20Files/Neovim/share/nvim/runtime/lua
[18:09:31.851][info] [#0:script\workspace\loading.lua:100]: Preload file at: file:///c%3A/Program%20Files/Neovim/share/nvim/runtime/lua/vim/ui/clipboard/osc52.lua , size = 2.212 KB
[18:09:31.852][info] [#0:script\workspace\loading.lua:112]: ++++As library of:	file:///c%3A/Program%20Files/Neovim/share/nvim/runtime/lua
[18:09:31.852][info] [#0:script\workspace\loading.lua:100]: Preload file at: file:///c%3A/Program%20Files/Neovim/share/nvim/runtime/lua/vim/ui.lua , size = 5.458 KB
[18:09:31.853][info] [#0:script\workspace\loading.lua:112]: ++++As library of:	file:///c%3A/Program%20Files/Neovim/share/nvim/runtime/lua
[18:09:31.853][info] [#0:script\workspace\loading.lua:100]: Preload file at: file:///c%3A/Program%20Files/Neovim/share/nvim/runtime/lua/vim/uri.lua , size = 3.695 KB
[18:09:31.855][info] [#0:script\workspace\loading.lua:112]: ++++As library of:	file:///c%3A/Program%20Files/Neovim/share/nvim/runtime/lua
[18:09:31.855][info] [#0:script\workspace\loading.lua:100]: Preload file at: file:///c%3A/Program%20Files/Neovim/share/nvim/runtime/lua/vim/vimhelp.lua , size = 0.999 KB
[18:09:31.855][info] [#0:script\workspace\loading.lua:112]: ++++As library of:	file:///c%3A/Program%20Files/Neovim/share/nvim/runtime/lua
[18:09:31.855][info] [#0:script\workspace\loading.lua:100]: Preload file at: file:///c%3A/Program%20Files/Neovim/share/nvim/runtime/lua/vim/version.lua , size = 14.011 KB
[18:09:31.860][info] [#0:script\workspace\loading.lua:112]: ++++As library of:	file:///c%3A/Program%20Files/Neovim/share/nvim/runtime/lua
[18:09:31.860][info] [#0:script\workspace\loading.lua:100]: Preload file at: file:///c%3A/Program%20Files/Neovim/share/nvim/runtime/lua/vim/_comment.lua , size = 9.000 KB
[18:09:31.863][info] [#0:script\workspace\loading.lua:112]: ++++As library of:	file:///c%3A/Program%20Files/Neovim/share/nvim/runtime/lua
[18:09:31.863][info] [#0:script\workspace\loading.lua:100]: Preload file at: file:///c%3A/Program%20Files/Neovim/share/nvim/runtime/lua/vim/_defaults.lua , size = 19.227 KB
[18:09:31.868][info] [#0:script\workspace\loading.lua:112]: ++++As library of:	file:///c%3A/Program%20Files/Neovim/share/nvim/runtime/lua
[18:09:31.868][info] [#0:script\workspace\loading.lua:100]: Preload file at: file:///c%3A/Program%20Files/Neovim/share/nvim/runtime/lua/vim/_init_packages.lua , size = 3.120 KB
[18:09:31.869][info] [#0:script\workspace\loading.lua:112]: ++++As library of:	file:///c%3A/Program%20Files/Neovim/share/nvim/runtime/lua
[18:09:31.869][info] [#0:script\workspace\loading.lua:100]: Preload file at: file:///c%3A/Program%20Files/Neovim/share/nvim/runtime/lua/vim/_inspector.lua , size = 7.741 KB
[18:09:31.872][info] [#0:script\workspace\loading.lua:112]: ++++As library of:	file:///c%3A/Program%20Files/Neovim/share/nvim/runtime/lua
[18:09:31.872][info] [#0:script\workspace\loading.lua:100]: Preload file at: file:///c%3A/Program%20Files/Neovim/share/nvim/runtime/lua/vim/_editor.lua , size = 35.397 KB
[18:09:31.882][info] [#0:script\workspace\loading.lua:112]: ++++As library of:	file:///c%3A/Program%20Files/Neovim/share/nvim/runtime/lua
[18:09:31.882][info] [#0:script\workspace\loading.lua:100]: Preload file at: file:///c%3A/Program%20Files/Neovim/share/nvim/runtime/lua/vim/_meta/api_keysets.lua , size = 8.609 KB
[18:09:31.886][info] [#0:script\workspace\loading.lua:112]: ++++As library of:	file:///c%3A/Program%20Files/Neovim/share/nvim/runtime/lua
[18:09:31.886][info] [#0:script\workspace\loading.lua:100]: Preload file at: file:///c%3A/Program%20Files/Neovim/share/nvim/runtime/lua/vim/_meta/api_keysets_extra.lua , size = 4.698 KB
[18:09:31.887][info] [#0:script\workspace\loading.lua:112]: ++++As library of:	file:///c%3A/Program%20Files/Neovim/share/nvim/runtime/lua
[18:09:31.887][info] [#0:script\workspace\loading.lua:100]: Preload file at: file:///c%3A/Program%20Files/Neovim/share/nvim/runtime/lua/vim/_meta/base64.lua , size = 0.319 KB
[18:09:31.888][info] [#0:script\workspace\loading.lua:112]: ++++As library of:	file:///c%3A/Program%20Files/Neovim/share/nvim/runtime/lua
[18:09:31.888][info] [#0:script\workspace\loading.lua:100]: Preload file at: file:///c%3A/Program%20Files/Neovim/share/nvim/runtime/lua/vim/_meta/builtin.lua , size = 11.468 KB
[18:09:31.890][info] [#0:script\workspace\loading.lua:112]: ++++As library of:	file:///c%3A/Program%20Files/Neovim/share/nvim/runtime/lua
[18:09:31.890][info] [#0:script\workspace\loading.lua:100]: Preload file at: file:///c%3A/Program%20Files/Neovim/share/nvim/runtime/lua/vim/_meta/builtin_types.lua , size = 3.496 KB
[18:09:31.891][info] [#0:script\workspace\loading.lua:112]: ++++As library of:	file:///c%3A/Program%20Files/Neovim/share/nvim/runtime/lua
[18:09:31.891][info] [#0:script\workspace\loading.lua:100]: Preload file at: file:///c%3A/Program%20Files/Neovim/share/nvim/runtime/lua/vim/_meta/diff.lua , size = 2.549 KB
[18:09:31.892][info] [#0:script\workspace\loading.lua:112]: ++++As library of:	file:///c%3A/Program%20Files/Neovim/share/nvim/runtime/lua
[18:09:31.892][info] [#0:script\workspace\loading.lua:100]: Preload file at: file:///c%3A/Program%20Files/Neovim/share/nvim/runtime/lua/vim/_meta/api.lua , size = 99.602 KB
[18:09:31.910][info] [#0:script\workspace\loading.lua:112]: ++++As library of:	file:///c%3A/Program%20Files/Neovim/share/nvim/runtime/lua
[18:09:31.910][info] [#0:script\workspace\loading.lua:100]: Preload file at: file:///c%3A/Program%20Files/Neovim/share/nvim/runtime/lua/vim/_meta/json.lua , size = 1.397 KB
[18:09:31.911][info] [#0:script\workspace\loading.lua:112]: ++++As library of:	file:///c%3A/Program%20Files/Neovim/share/nvim/runtime/lua
[18:09:31.911][info] [#0:script\workspace\loading.lua:100]: Preload file at: file:///c%3A/Program%20Files/Neovim/share/nvim/runtime/lua/vim/_meta/lpeg.lua , size = 15.691 KB
[18:09:31.914][info] [#0:script\workspace\loading.lua:112]: ++++As library of:	file:///c%3A/Program%20Files/Neovim/share/nvim/runtime/lua
[18:09:31.914][info] [#0:script\workspace\loading.lua:100]: Preload file at: file:///c%3A/Program%20Files/Neovim/share/nvim/runtime/lua/vim/_meta/misc.lua , size = 0.307 KB
[18:09:31.914][info] [#0:script\workspace\loading.lua:112]: ++++As library of:	file:///c%3A/Program%20Files/Neovim/share/nvim/runtime/lua
[18:09:31.914][info] [#0:script\workspace\loading.lua:100]: Preload file at: file:///c%3A/Program%20Files/Neovim/share/nvim/runtime/lua/vim/_meta/mpack.lua , size = 0.495 KB
[18:09:31.914][info] [#0:script\workspace\loading.lua:112]: ++++As library of:	file:///c%3A/Program%20Files/Neovim/share/nvim/runtime/lua
[18:09:31.914][info] [#0:script\workspace\loading.lua:100]: Preload file at: file:///c%3A/Program%20Files/Neovim/share/nvim/runtime/lua/vim/_meta/re.lua , size = 2.270 KB
[18:09:31.915][info] [#0:script\workspace\loading.lua:112]: ++++As library of:	file:///c%3A/Program%20Files/Neovim/share/nvim/runtime/lua
[18:09:31.915][info] [#0:script\workspace\loading.lua:100]: Preload file at: file:///c%3A/Program%20Files/Neovim/share/nvim/runtime/lua/vim/_meta/regex.lua , size = 1.381 KB
[18:09:31.915][info] [#0:script\workspace\loading.lua:112]: ++++As library of:	file:///c%3A/Program%20Files/Neovim/share/nvim/runtime/lua
[18:09:31.915][info] [#0:script\workspace\loading.lua:100]: Preload file at: file:///c%3A/Program%20Files/Neovim/share/nvim/runtime/lua/vim/_meta/spell.lua , size = 0.975 KB
[18:09:31.916][info] [#0:script\workspace\loading.lua:112]: ++++As library of:	file:///c%3A/Program%20Files/Neovim/share/nvim/runtime/lua
[18:09:31.916][info] [#0:script\workspace\loading.lua:100]: Preload file at: file:///c%3A/Program%20Files/Neovim/share/nvim/runtime/lua/vim/_meta/options.lua , size = 331.766 KB
[18:09:31.972][info] [#0:script\workspace\loading.lua:112]: ++++As library of:	file:///c%3A/Program%20Files/Neovim/share/nvim/runtime/lua
[18:09:31.972][info] [#0:script\workspace\loading.lua:100]: Preload file at: file:///c%3A/Program%20Files/Neovim/share/nvim/runtime/lua/vim/_meta/vvars.lua , size = 26.034 KB
[18:09:31.977][info] [#0:script\workspace\loading.lua:112]: ++++As library of:	file:///c%3A/Program%20Files/Neovim/share/nvim/runtime/lua
[18:09:31.977][info] [#0:script\workspace\loading.lua:100]: Preload file at: file:///c%3A/Program%20Files/Neovim/share/nvim/runtime/lua/vim/_meta.lua , size = 1.012 KB
[18:09:31.978][info] [#0:script\workspace\loading.lua:112]: ++++As library of:	file:///c%3A/Program%20Files/Neovim/share/nvim/runtime/lua
[18:09:31.978][info] [#0:script\workspace\loading.lua:100]: Preload file at: file:///c%3A/Program%20Files/Neovim/share/nvim/runtime/lua/vim/_options.lua , size = 26.430 KB
[18:09:31.984][info] [#0:script\workspace\loading.lua:112]: ++++As library of:	file:///c%3A/Program%20Files/Neovim/share/nvim/runtime/lua
[18:09:31.984][info] [#0:script\workspace\loading.lua:100]: Preload file at: file:///c%3A/Program%20Files/Neovim/share/nvim/runtime/lua/vim/_meta/vimfn.lua , size = 409.506 KB
[18:09:32.091][info] [#0:script\workspace\loading.lua:112]: ++++As library of:	file:///c%3A/Program%20Files/Neovim/share/nvim/runtime/lua
[18:09:32.091][info] [#0:script\workspace\loading.lua:100]: Preload file at: file:///c%3A/Program%20Files/Neovim/share/nvim/runtime/lua/vim/_system.lua , size = 9.503 KB
[18:09:32.096][info] [#0:script\workspace\loading.lua:112]: ++++As library of:	file:///c%3A/Program%20Files/Neovim/share/nvim/runtime/lua
[18:09:32.096][info] [#0:script\workspace\loading.lua:100]: Preload file at: file:///c%3A/Program%20Files/Neovim/share/nvim/runtime/lua/vim/_watch.lua , size = 9.215 KB
[18:09:32.099][info] [#0:script\workspace\loading.lua:112]: ++++As library of:	file:///c%3A/Program%20Files/Neovim/share/nvim/runtime/lua
[18:09:32.099][info] [#0:script\workspace\loading.lua:100]: Preload file at: file:///c%3A/Program%20Files/Neovim/share/nvim/runtime/lua/_vim9script.lua , size = 16.053 KB
[18:09:32.104][info] [#0:script\workspace\loading.lua:112]: ++++As library of:	file:///c%3A/Program%20Files/Neovim/share/nvim/runtime/lua
[18:09:32.104][info] [#0:script\workspace\loading.lua:100]: Preload file at: file:///c%3A/Users/ASUS/AppData/Local/nvim-data/mason/packages/lua-language-server/meta/Lua%205.4%20en-us%20utf8/package.lua , size = 2.944 KB
[18:09:32.105][info] [#0:script\workspace\loading.lua:112]: ++++As library of:	file:///c%3A/Users/ASUS/AppData/Local/nvim-data/mason/packages/lua-language-server/meta/Lua%205.4%20en-us%20utf8/package.lua
[18:09:32.105][info] [#0:script\workspace\loading.lua:100]: Preload file at: file:///c%3A/Users/ASUS/AppData/Local/nvim-data/lazy/lazy.nvim/lua/lazy/async.lua , size = 4.519 KB
[18:09:32.107][info] [#0:script\workspace\loading.lua:112]: ++++As library of:	file:///c%3A/Users/ASUS/AppData/Local/nvim-data/lazy/lazy.nvim/lua/lazy
[18:09:32.107][info] [#0:script\workspace\loading.lua:100]: Preload file at: file:///c%3A/Users/ASUS/AppData/Local/nvim-data/lazy/lazy.nvim/lua/lazy/build.lua , size = 3.115 KB
[18:09:32.109][info] [#0:script\workspace\loading.lua:112]: ++++As library of:	file:///c%3A/Users/ASUS/AppData/Local/nvim-data/lazy/lazy.nvim/lua/lazy
[18:09:32.109][info] [#0:script\workspace\loading.lua:100]: Preload file at: file:///c%3A/Users/ASUS/AppData/Local/nvim-data/lazy/lazy.nvim/lua/lazy/community/init.lua , size = 0.538 KB
[18:09:32.109][info] [#0:script\workspace\loading.lua:112]: ++++As library of:	file:///c%3A/Users/ASUS/AppData/Local/nvim-data/lazy/lazy.nvim/lua/lazy
[18:09:32.109][info] [#0:script\workspace\loading.lua:100]: Preload file at: file:///c%3A/Users/ASUS/AppData/Local/nvim-data/lazy/lazy.nvim/lua/lazy/community/specs.lua , size = 0.122 KB
[18:09:32.109][info] [#0:script\workspace\loading.lua:112]: ++++As library of:	file:///c%3A/Users/ASUS/AppData/Local/nvim-data/lazy/lazy.nvim/lua/lazy
[18:09:32.109][info] [#0:script\workspace\loading.lua:100]: Preload file at: file:///c%3A/Users/ASUS/AppData/Local/nvim-data/lazy/lazy.nvim/lua/lazy/core/cache.lua , size = 17.100 KB
[18:09:32.115][info] [#0:script\workspace\loading.lua:112]: ++++As library of:	file:///c%3A/Users/ASUS/AppData/Local/nvim-data/lazy/lazy.nvim/lua/lazy
[18:09:32.116][info] [#0:script\workspace\loading.lua:100]: Preload file at: file:///c%3A/Users/ASUS/AppData/Local/nvim-data/lazy/lazy.nvim/lua/lazy/community/_generated.lua , size = 59.078 KB
[18:09:32.125][info] [#0:script\workspace\loading.lua:112]: ++++As library of:	file:///c%3A/Users/ASUS/AppData/Local/nvim-data/lazy/lazy.nvim/lua/lazy
[18:09:32.125][info] [#0:script\workspace\loading.lua:100]: Preload file at: file:///c%3A/Users/ASUS/AppData/Local/nvim-data/lazy/lazy.nvim/lua/lazy/core/fragments.lua , size = 4.385 KB
[18:09:32.127][info] [#0:script\workspace\loading.lua:112]: ++++As library of:	file:///c%3A/Users/ASUS/AppData/Local/nvim-data/lazy/lazy.nvim/lua/lazy
[18:09:32.127][info] [#0:script\workspace\loading.lua:100]: Preload file at: file:///c%3A/Users/ASUS/AppData/Local/nvim-data/lazy/lazy.nvim/lua/lazy/core/config.lua , size = 12.354 KB
[18:09:32.130][info] [#0:script\workspace\loading.lua:112]: ++++As library of:	file:///c%3A/Users/ASUS/AppData/Local/nvim-data/lazy/lazy.nvim/lua/lazy
[18:09:32.130][info] [#0:script\workspace\loading.lua:100]: Preload file at: file:///c%3A/Users/ASUS/AppData/Local/nvim-data/lazy/lazy.nvim/lua/lazy/core/handler/cmd.lua , size = 1.702 KB
[18:09:32.131][info] [#0:script\workspace\loading.lua:112]: ++++As library of:	file:///c%3A/Users/ASUS/AppData/Local/nvim-data/lazy/lazy.nvim/lua/lazy
[18:09:32.131][info] [#0:script\workspace\loading.lua:100]: Preload file at: file:///c%3A/Users/ASUS/AppData/Local/nvim-data/lazy/lazy.nvim/lua/lazy/core/handler/ft.lua , size = 0.467 KB
[18:09:32.131][info] [#0:script\workspace\loading.lua:112]: ++++As library of:	file:///c%3A/Users/ASUS/AppData/Local/nvim-data/lazy/lazy.nvim/lua/lazy
[18:09:32.131][info] [#0:script\workspace\loading.lua:100]: Preload file at: file:///c%3A/Users/ASUS/AppData/Local/nvim-data/lazy/lazy.nvim/lua/lazy/core/handler/event.lua , size = 5.123 KB
[18:09:32.133][info] [#0:script\workspace\loading.lua:112]: ++++As library of:	file:///c%3A/Users/ASUS/AppData/Local/nvim-data/lazy/lazy.nvim/lua/lazy
[18:09:32.133][info] [#0:script\workspace\loading.lua:100]: Preload file at: file:///c%3A/Users/ASUS/AppData/Local/nvim-data/lazy/lazy.nvim/lua/lazy/core/handler/init.lua , size = 3.306 KB
[18:09:32.135][info] [#0:script\workspace\loading.lua:112]: ++++As library of:	file:///c%3A/Users/ASUS/AppData/Local/nvim-data/lazy/lazy.nvim/lua/lazy
[18:09:32.135][info] [#0:script\workspace\loading.lua:100]: Preload file at: file:///c%3A/Users/ASUS/AppData/Local/nvim-data/lazy/lazy.nvim/lua/lazy/core/handler/keys.lua , size = 5.491 KB
[18:09:32.137][info] [#0:script\workspace\loading.lua:112]: ++++As library of:	file:///c%3A/Users/ASUS/AppData/Local/nvim-data/lazy/lazy.nvim/lua/lazy
[18:09:32.137][info] [#0:script\workspace\loading.lua:100]: Preload file at: file:///c%3A/Users/ASUS/AppData/Local/nvim-data/lazy/lazy.nvim/lua/lazy/core/loader.lua , size = 15.452 KB
[18:09:32.143][info] [#0:script\workspace\loading.lua:112]: ++++As library of:	file:///c%3A/Users/ASUS/AppData/Local/nvim-data/lazy/lazy.nvim/lua/lazy
[18:09:32.143][info] [#0:script\workspace\loading.lua:100]: Preload file at: file:///c%3A/Users/ASUS/AppData/Local/nvim-data/lazy/lazy.nvim/lua/lazy/core/meta.lua , size = 9.527 KB
[18:09:32.146][info] [#0:script\workspace\loading.lua:112]: ++++As library of:	file:///c%3A/Users/ASUS/AppData/Local/nvim-data/lazy/lazy.nvim/lua/lazy
[18:09:32.147][info] [#0:script\workspace\loading.lua:100]: Preload file at: file:///c%3A/Users/ASUS/AppData/Local/nvim-data/lazy/lazy.nvim/lua/lazy/core/plugin.lua , size = 12.718 KB
[18:09:32.151][info] [#0:script\workspace\loading.lua:112]: ++++As library of:	file:///c%3A/Users/ASUS/AppData/Local/nvim-data/lazy/lazy.nvim/lua/lazy
[18:09:32.151][info] [#0:script\workspace\loading.lua:100]: Preload file at: file:///c%3A/Users/ASUS/AppData/Local/nvim-data/lazy/lazy.nvim/lua/lazy/core/util.lua , size = 12.818 KB
[18:09:32.157][info] [#0:script\workspace\loading.lua:112]: ++++As library of:	file:///c%3A/Users/ASUS/AppData/Local/nvim-data/lazy/lazy.nvim/lua/lazy
[18:09:32.157][info] [#0:script\workspace\loading.lua:100]: Preload file at: file:///c%3A/Users/ASUS/AppData/Local/nvim-data/lazy/lazy.nvim/lua/lazy/docs.lua , size = 4.800 KB
[18:09:32.160][info] [#0:script\workspace\loading.lua:112]: ++++As library of:	file:///c%3A/Users/ASUS/AppData/Local/nvim-data/lazy/lazy.nvim/lua/lazy
[18:09:32.160][info] [#0:script\workspace\loading.lua:100]: Preload file at: file:///c%3A/Users/ASUS/AppData/Local/nvim-data/lazy/lazy.nvim/lua/lazy/example.lua , size = 2.729 KB
[18:09:32.160][info] [#0:script\workspace\loading.lua:112]: ++++As library of:	file:///c%3A/Users/ASUS/AppData/Local/nvim-data/lazy/lazy.nvim/lua/lazy
[18:09:32.160][info] [#0:script\workspace\loading.lua:100]: Preload file at: file:///c%3A/Users/ASUS/AppData/Local/nvim-data/lazy/lazy.nvim/lua/lazy/health.lua , size = 6.004 KB
[18:09:32.162][info] [#0:script\workspace\loading.lua:112]: ++++As library of:	file:///c%3A/Users/ASUS/AppData/Local/nvim-data/lazy/lazy.nvim/lua/lazy
[18:09:32.162][info] [#0:script\workspace\loading.lua:100]: Preload file at: file:///c%3A/Users/ASUS/AppData/Local/nvim-data/lazy/lazy.nvim/lua/lazy/help.lua , size = 2.285 KB
[18:09:32.164][info] [#0:script\workspace\loading.lua:112]: ++++As library of:	file:///c%3A/Users/ASUS/AppData/Local/nvim-data/lazy/lazy.nvim/lua/lazy
[18:09:32.164][info] [#0:script\workspace\loading.lua:100]: Preload file at: file:///c%3A/Users/ASUS/AppData/Local/nvim-data/lazy/lazy.nvim/lua/lazy/init.lua , size = 3.896 KB
[18:09:32.165][info] [#0:script\workspace\loading.lua:112]: ++++As library of:	file:///c%3A/Users/ASUS/AppData/Local/nvim-data/lazy/lazy.nvim/lua/lazy
[18:09:32.165][info] [#0:script\workspace\loading.lua:100]: Preload file at: file:///c%3A/Users/ASUS/AppData/Local/nvim-data/lazy/lazy.nvim/lua/lazy/manage/checker.lua , size = 2.574 KB
[18:09:32.166][info] [#0:script\workspace\loading.lua:112]: ++++As library of:	file:///c%3A/Users/ASUS/AppData/Local/nvim-data/lazy/lazy.nvim/lua/lazy
[18:09:32.166][info] [#0:script\workspace\loading.lua:100]: Preload file at: file:///c%3A/Users/ASUS/AppData/Local/nvim-data/lazy/lazy.nvim/lua/lazy/manage/git.lua , size = 6.522 KB
[18:09:32.169][info] [#0:script\workspace\loading.lua:112]: ++++As library of:	file:///c%3A/Users/ASUS/AppData/Local/nvim-data/lazy/lazy.nvim/lua/lazy
[18:09:32.169][info] [#0:script\workspace\loading.lua:100]: Preload file at: file:///c%3A/Users/ASUS/AppData/Local/nvim-data/lazy/lazy.nvim/lua/lazy/manage/lock.lua , size = 1.740 KB
[18:09:32.170][info] [#0:script\workspace\loading.lua:112]: ++++As library of:	file:///c%3A/Users/ASUS/AppData/Local/nvim-data/lazy/lazy.nvim/lua/lazy
[18:09:32.170][info] [#0:script\workspace\loading.lua:100]: Preload file at: file:///c%3A/Users/ASUS/AppData/Local/nvim-data/lazy/lazy.nvim/lua/lazy/manage/process.lua , size = 5.681 KB
[18:09:32.173][info] [#0:script\workspace\loading.lua:112]: ++++As library of:	file:///c%3A/Users/ASUS/AppData/Local/nvim-data/lazy/lazy.nvim/lua/lazy
[18:09:32.173][info] [#0:script\workspace\loading.lua:100]: Preload file at: file:///c%3A/Users/ASUS/AppData/Local/nvim-data/lazy/lazy.nvim/lua/lazy/manage/reloader.lua , size = 2.922 KB
[18:09:32.175][info] [#0:script\workspace\loading.lua:112]: ++++As library of:	file:///c%3A/Users/ASUS/AppData/Local/nvim-data/lazy/lazy.nvim/lua/lazy
[18:09:32.175][info] [#0:script\workspace\loading.lua:100]: Preload file at: file:///c%3A/Users/ASUS/AppData/Local/nvim-data/lazy/lazy.nvim/lua/lazy/manage/init.lua , size = 6.113 KB
[18:09:32.177][info] [#0:script\workspace\loading.lua:112]: ++++As library of:	file:///c%3A/Users/ASUS/AppData/Local/nvim-data/lazy/lazy.nvim/lua/lazy
[18:09:32.177][info] [#0:script\workspace\loading.lua:100]: Preload file at: file:///c%3A/Users/ASUS/AppData/Local/nvim-data/lazy/lazy.nvim/lua/lazy/manage/runner.lua , size = 5.041 KB
[18:09:32.179][info] [#0:script\workspace\loading.lua:112]: ++++As library of:	file:///c%3A/Users/ASUS/AppData/Local/nvim-data/lazy/lazy.nvim/lua/lazy
[18:09:32.179][info] [#0:script\workspace\loading.lua:100]: Preload file at: file:///c%3A/Users/ASUS/AppData/Local/nvim-data/lazy/lazy.nvim/lua/lazy/manage/task/fs.lua , size = 1.046 KB
[18:09:32.180][info] [#0:script\workspace\loading.lua:112]: ++++As library of:	file:///c%3A/Users/ASUS/AppData/Local/nvim-data/lazy/lazy.nvim/lua/lazy
[18:09:32.180][info] [#0:script\workspace\loading.lua:100]: Preload file at: file:///c%3A/Users/ASUS/AppData/Local/nvim-data/lazy/lazy.nvim/lua/lazy/manage/semver.lua , size = 4.644 KB
[18:09:32.182][info] [#0:script\workspace\loading.lua:112]: ++++As library of:	file:///c%3A/Users/ASUS/AppData/Local/nvim-data/lazy/lazy.nvim/lua/lazy
[18:09:32.182][info] [#0:script\workspace\loading.lua:100]: Preload file at: file:///c%3A/Users/ASUS/AppData/Local/nvim-data/lazy/lazy.nvim/lua/lazy/manage/task/git.lua , size = 10.514 KB
[18:09:32.185][info] [#0:script\workspace\loading.lua:112]: ++++As library of:	file:///c%3A/Users/ASUS/AppData/Local/nvim-data/lazy/lazy.nvim/lua/lazy
[18:09:32.185][info] [#0:script\workspace\loading.lua:100]: Preload file at: file:///c%3A/Users/ASUS/AppData/Local/nvim-data/lazy/lazy.nvim/lua/lazy/manage/task/plugin.lua , size = 2.576 KB
[18:09:32.187][info] [#0:script\workspace\loading.lua:112]: ++++As library of:	file:///c%3A/Users/ASUS/AppData/Local/nvim-data/lazy/lazy.nvim/lua/lazy
[18:09:32.187][info] [#0:script\workspace\loading.lua:100]: Preload file at: file:///c%3A/Users/ASUS/AppData/Local/nvim-data/lazy/lazy.nvim/lua/lazy/manage/task/init.lua , size = 6.039 KB
[18:09:32.190][info] [#0:script\workspace\loading.lua:112]: ++++As library of:	file:///c%3A/Users/ASUS/AppData/Local/nvim-data/lazy/lazy.nvim/lua/lazy
[18:09:32.190][info] [#0:script\workspace\loading.lua:100]: Preload file at: file:///c%3A/Users/ASUS/AppData/Local/nvim-data/lazy/lazy.nvim/lua/lazy/minit.lua , size = 5.195 KB
[18:09:32.192][info] [#0:script\workspace\loading.lua:112]: ++++As library of:	file:///c%3A/Users/ASUS/AppData/Local/nvim-data/lazy/lazy.nvim/lua/lazy
[18:09:32.192][info] [#0:script\workspace\loading.lua:100]: Preload file at: file:///c%3A/Users/ASUS/AppData/Local/nvim-data/lazy/lazy.nvim/lua/lazy/pkg/init.lua , size = 3.162 KB
[18:09:32.193][info] [#0:script\workspace\loading.lua:112]: ++++As library of:	file:///c%3A/Users/ASUS/AppData/Local/nvim-data/lazy/lazy.nvim/lua/lazy
[18:09:32.193][info] [#0:script\workspace\loading.lua:100]: Preload file at: file:///c%3A/Users/ASUS/AppData/Local/nvim-data/lazy/lazy.nvim/lua/lazy/pkg/lazy.lua , size = 0.748 KB
[18:09:32.194][info] [#0:script\workspace\loading.lua:112]: ++++As library of:	file:///c%3A/Users/ASUS/AppData/Local/nvim-data/lazy/lazy.nvim/lua/lazy
[18:09:32.194][info] [#0:script\workspace\loading.lua:100]: Preload file at: file:///c%3A/Users/ASUS/AppData/Local/nvim-data/lazy/lazy.nvim/lua/lazy/pkg/packspec.lua , size = 1.189 KB
[18:09:32.195][info] [#0:script\workspace\loading.lua:112]: ++++As library of:	file:///c%3A/Users/ASUS/AppData/Local/nvim-data/lazy/lazy.nvim/lua/lazy
[18:09:32.195][info] [#0:script\workspace\loading.lua:100]: Preload file at: file:///c%3A/Users/ASUS/AppData/Local/nvim-data/lazy/lazy.nvim/lua/lazy/pkg/rockspec.lua , size = 8.340 KB
[18:09:32.197][info] [#0:script\workspace\loading.lua:112]: ++++As library of:	file:///c%3A/Users/ASUS/AppData/Local/nvim-data/lazy/lazy.nvim/lua/lazy
[18:09:32.198][info] [#0:script\workspace\loading.lua:100]: Preload file at: file:///c%3A/Users/ASUS/AppData/Local/nvim-data/lazy/lazy.nvim/lua/lazy/state.lua , size = 0.903 KB
[18:09:32.198][info] [#0:script\workspace\loading.lua:112]: ++++As library of:	file:///c%3A/Users/ASUS/AppData/Local/nvim-data/lazy/lazy.nvim/lua/lazy
[18:09:32.198][info] [#0:script\workspace\loading.lua:100]: Preload file at: file:///c%3A/Users/ASUS/AppData/Local/nvim-data/lazy/lazy.nvim/lua/lazy/status.lua , size = 0.368 KB
[18:09:32.198][info] [#0:script\workspace\loading.lua:112]: ++++As library of:	file:///c%3A/Users/ASUS/AppData/Local/nvim-data/lazy/lazy.nvim/lua/lazy
[18:09:32.198][info] [#0:script\workspace\loading.lua:100]: Preload file at: file:///c%3A/Users/ASUS/AppData/Local/nvim-data/lazy/lazy.nvim/lua/lazy/stats.lua , size = 2.235 KB
[18:09:32.199][info] [#0:script\workspace\loading.lua:112]: ++++As library of:	file:///c%3A/Users/ASUS/AppData/Local/nvim-data/lazy/lazy.nvim/lua/lazy
[18:09:32.199][info] [#0:script\workspace\loading.lua:100]: Preload file at: file:///c%3A/Users/ASUS/AppData/Local/nvim-data/lazy/lazy.nvim/lua/lazy/terminal.lua , size = 2.463 KB
[18:09:32.200][info] [#0:script\workspace\loading.lua:112]: ++++As library of:	file:///c%3A/Users/ASUS/AppData/Local/nvim-data/lazy/lazy.nvim/lua/lazy
[18:09:32.200][info] [#0:script\workspace\loading.lua:100]: Preload file at: file:///c%3A/Users/ASUS/AppData/Local/nvim-data/lazy/lazy.nvim/lua/lazy/types.lua , size = 3.653 KB
[18:09:32.202][info] [#0:script\workspace\loading.lua:112]: ++++As library of:	file:///c%3A/Users/ASUS/AppData/Local/nvim-data/lazy/lazy.nvim/lua/lazy
[18:09:32.202][info] [#0:script\workspace\loading.lua:100]: Preload file at: file:///c%3A/Users/ASUS/AppData/Local/nvim-data/lazy/lazy.nvim/lua/lazy/util.lua , size = 7.176 KB
[18:09:32.206][info] [#0:script\workspace\loading.lua:112]: ++++As library of:	file:///c%3A/Users/ASUS/AppData/Local/nvim-data/lazy/lazy.nvim/lua/lazy
[18:09:32.206][info] [#0:script\workspace\loading.lua:100]: Preload file at: file:///c%3A/Users/ASUS/AppData/Local/nvim-data/lazy/lazy.nvim/lua/lazy/view/colors.lua , size = 1.891 KB
[18:09:32.207][info] [#0:script\workspace\loading.lua:112]: ++++As library of:	file:///c%3A/Users/ASUS/AppData/Local/nvim-data/lazy/lazy.nvim/lua/lazy
[18:09:32.207][info] [#0:script\workspace\loading.lua:100]: Preload file at: file:///c%3A/Users/ASUS/AppData/Local/nvim-data/lazy/lazy.nvim/lua/lazy/view/commands.lua , size = 4.054 KB
[18:09:32.208][info] [#0:script\workspace\loading.lua:112]: ++++As library of:	file:///c%3A/Users/ASUS/AppData/Local/nvim-data/lazy/lazy.nvim/lua/lazy
[18:09:32.208][info] [#0:script\workspace\loading.lua:100]: Preload file at: file:///c%3A/Users/ASUS/AppData/Local/nvim-data/lazy/lazy.nvim/lua/lazy/view/config.lua , size = 3.664 KB
[18:09:32.209][info] [#0:script\workspace\loading.lua:112]: ++++As library of:	file:///c%3A/Users/ASUS/AppData/Local/nvim-data/lazy/lazy.nvim/lua/lazy
[18:09:32.209][info] [#0:script\workspace\loading.lua:100]: Preload file at: file:///c%3A/Users/ASUS/AppData/Local/nvim-data/lazy/lazy.nvim/lua/lazy/view/diff.lua , size = 1.647 KB
[18:09:32.210][info] [#0:script\workspace\loading.lua:112]: ++++As library of:	file:///c%3A/Users/ASUS/AppData/Local/nvim-data/lazy/lazy.nvim/lua/lazy
[18:09:32.210][info] [#0:script\workspace\loading.lua:100]: Preload file at: file:///c%3A/Users/ASUS/AppData/Local/nvim-data/lazy/lazy.nvim/lua/lazy/view/float.lua , size = 9.882 KB
[18:09:32.215][info] [#0:script\workspace\loading.lua:112]: ++++As library of:	file:///c%3A/Users/ASUS/AppData/Local/nvim-data/lazy/lazy.nvim/lua/lazy
[18:09:32.215][info] [#0:script\workspace\loading.lua:100]: Preload file at: file:///c%3A/Users/ASUS/AppData/Local/nvim-data/lazy/lazy.nvim/lua/lazy/view/init.lua , size = 9.749 KB
[18:09:32.219][info] [#0:script\workspace\loading.lua:112]: ++++As library of:	file:///c%3A/Users/ASUS/AppData/Local/nvim-data/lazy/lazy.nvim/lua/lazy
[18:09:32.219][info] [#0:script\workspace\loading.lua:100]: Preload file at: file:///c%3A/Users/ASUS/AppData/Local/nvim-data/lazy/lazy.nvim/lua/lazy/view/sections.lua , size = 2.547 KB
[18:09:32.220][info] [#0:script\workspace\loading.lua:112]: ++++As library of:	file:///c%3A/Users/ASUS/AppData/Local/nvim-data/lazy/lazy.nvim/lua/lazy
[18:09:32.220][info] [#0:script\workspace\loading.lua:100]: Preload file at: file:///c%3A/Users/ASUS/AppData/Local/nvim-data/lazy/lazy.nvim/lua/lazy/view/render.lua , size = 23.850 KB
[18:09:32.229][info] [#0:script\workspace\loading.lua:112]: ++++As library of:	file:///c%3A/Users/ASUS/AppData/Local/nvim-data/lazy/lazy.nvim/lua/lazy
[18:09:32.229][info] [#0:script\workspace\loading.lua:100]: Preload file at: file:///c%3A/Users/ASUS/AppData/Local/nvim-data/lazy/lazy.nvim/lua/lazy/view/text.lua , size = 3.979 KB
[18:09:32.231][info] [#0:script\workspace\loading.lua:112]: ++++As library of:	file:///c%3A/Users/ASUS/AppData/Local/nvim-data/lazy/lazy.nvim/lua/lazy
[18:09:32.231][info] [#0:script\workspace\loading.lua:100]: Preload file at: file:///c%3A/Users/ASUS/AppData/Local/nvim-data/mason/packages/lua-language-server/meta/Lua%205.4%20en-us%20utf8/string.lua , size = 6.327 KB
[18:09:32.233][info] [#0:script\workspace\loading.lua:112]: ++++As library of:	file:///c%3A/Users/ASUS/AppData/Local/nvim-data/mason/packages/lua-language-server/meta/Lua%205.4%20en-us%20utf8/string.lua
[18:09:32.233][info] [#0:script\workspace\loading.lua:100]: Preload file at: file:///c%3A/Users/ASUS/AppData/Local/nvim-data/lazy/ui/nvchad_types/base46.lua , size = 6.189 KB
[18:09:32.235][info] [#0:script\workspace\loading.lua:112]: ++++As library of:	file:///c%3A/Users/ASUS/AppData/Local/nvim-data/lazy/ui/nvchad_types
[18:09:32.235][info] [#0:script\workspace\loading.lua:100]: Preload file at: file:///c%3A/Users/ASUS/AppData/Local/nvim-data/lazy/ui/nvchad_types/chadrc.lua , size = 5.837 KB
[18:09:32.237][info] [#0:script\workspace\loading.lua:112]: ++++As library of:	file:///c%3A/Users/ASUS/AppData/Local/nvim-data/lazy/ui/nvchad_types
[18:09:32.237][info] [#0:script\workspace\loading.lua:100]: Preload file at: file:///c%3A/Users/ASUS/AppData/Local/nvim-data/lazy/ui/nvchad_types/all_hl_groups.lua , size = 89.126 KB
[18:09:32.254][info] [#0:script\workspace\loading.lua:112]: ++++As library of:	file:///c%3A/Users/ASUS/AppData/Local/nvim-data/lazy/ui/nvchad_types
[18:09:32.254][info] [#0:script\workspace\loading.lua:100]: Preload file at: file:///c%3A/Users/ASUS/AppData/Local/nvim-data/lazy/ui/nvchad_types/keymaps.lua , size = 1.461 KB
[18:09:32.254][info] [#0:script\workspace\loading.lua:112]: ++++As library of:	file:///c%3A/Users/ASUS/AppData/Local/nvim-data/lazy/ui/nvchad_types
[18:09:32.254][info] [#0:script\workspace\loading.lua:100]: Preload file at: file:///c%3A/Users/ASUS/AppData/Local/nvim-data/lazy/ui/nvchad_types/themes.lua , size = 5.914 KB
[18:09:32.256][info] [#0:script\workspace\loading.lua:112]: ++++As library of:	file:///c%3A/Users/ASUS/AppData/Local/nvim-data/lazy/ui/nvchad_types
[18:09:32.256][info] [#0:script\workspace\loading.lua:100]: Preload file at: file:///c%3A/Users/ASUS/AppData/Local/nvim-data/lazy/ui/nvchad_types/plugins.lua , size = 5.781 KB
[18:09:32.257][info] [#0:script\workspace\loading.lua:112]: ++++As library of:	file:///c%3A/Users/ASUS/AppData/Local/nvim-data/lazy/ui/nvchad_types
[18:09:32.367][info] [#0:script\workspace\loading.lua:100]: Preload file at: file:///c%3A/Users/ASUS/AppData/Local/nvim-data/mason/packages/lua-language-server/meta/Lua%205.4%20en-us%20utf8/table.lua , size = 4.235 KB
[18:09:32.369][info] [#0:script\workspace\loading.lua:112]: ++++As library of:	file:///c%3A/Users/ASUS/AppData/Local/nvim-data/mason/packages/lua-language-server/meta/Lua%205.4%20en-us%20utf8/table.lua
[18:09:32.369][info] [#0:script\workspace\loading.lua:100]: Preload file at: file:///c%3A/Users/ASUS/AppData/Local/nvim-data/mason/packages/lua-language-server/meta/Lua%205.4%20en-us%20utf8/basic.lua , size = 15.631 KB
[18:09:32.373][info] [#0:script\workspace\loading.lua:112]: ++++As library of:	file:///c%3A/Users/ASUS/AppData/Local/nvim-data/mason/packages/lua-language-server/meta/Lua%205.4%20en-us%20utf8/basic.lua
[18:09:32.483][info] [#0:script\workspace\loading.lua:172]: Loaded files takes [1.188] sec: <fallback>
[18:09:32.484][info] [#0:script\workspace\loading.lua:181]: Compile files takes [0.000] sec: <fallback>
[18:09:32.484][info] [#0:script\workspace\loading.lua:182]: Loaded finish:	<fallback>
[18:09:32.484][info] [#0:script\workspace\workspace.lua:381]: Preload finish at:	<fallback>
[18:09:32.498][warn] [#0:script\proto\proto.lua:189]: Method [textDocument/didOpen] takes [1.623]sec. {
  jsonrpc = "2.0",
  method = "textDocument/didOpen",
  params = {
    textDocument = {
      languageId = "lua",
      text = '"***"',
      uri = "file:///C:/Users/ASUS/~/.config/nvim/after/ftplugin/rust.lua",
      version = 0
    }
  }
}
[18:09:32.498][warn] [#0:script\proto\proto.lua:189]: Method [textDocument/documentColor] takes [1.623]sec. {
  id = 2,
  jsonrpc = "2.0",
  method = "textDocument/documentColor",
  params = {
    textDocument = {
      uri = "file:///C:/Users/ASUS/~/.config/nvim/after/ftplugin/rust.lua"
    }
  }
}
[18:09:37.481][warn] [#0:script\pub\report.lua:24]: Load proto error:	Disconnected!
